-- The C compiler identification is GNU 9.3.0
-- The CXX compiler identification is GNU 9.3.0
-- Check for working C compiler: /usr/bin/cc
-- Check for working C compiler: /usr/bin/cc -- works
-- Detecting C compiler ABI info
-- Detecting C compiler ABI info - done
-- Detecting C compile features
-- Detecting C compile features - done
-- Check for working CXX compiler: /usr/bin/c++
-- Check for working CXX compiler: /usr/bin/c++ -- works
-- Detecting CXX compiler ABI info
-- Detecting CXX compiler ABI info - done
-- Detecting CXX compile features
-- Detecting CXX compile features - done
-- Found ament_cmake: 0.9.8 (/opt/ros/foxy/share/ament_cmake/cmake)
-- Found PythonInterp: /usr/bin/python3 (found suitable version "3.8.5", minimum required is "3") 
-- Using PYTHON_EXECUTABLE: /usr/bin/python3
-- Found rosidl_default_generators: 1.0.0 (/opt/ros/foxy/share/rosidl_default_generators/cmake)
-- Using all available rosidl_typesupport_c: rosidl_typesupport_fastrtps_c;rosidl_typesupport_introspection_c
-- Found rosidl_adapter: 1.2.0 (/opt/ros/foxy/share/rosidl_adapter/cmake)
-- Found OpenSSL: /usr/lib/x86_64-linux-gnu/libcrypto.so (found version "1.1.1f")  
-- Found FastRTPS: /opt/ros/foxy/include  
-- Using all available rosidl_typesupport_cpp: rosidl_typesupport_fastrtps_cpp;rosidl_typesupport_introspection_cpp
-- Found builtin_interfaces: 1.0.0 (/opt/ros/foxy/share/builtin_interfaces/cmake)
-- Found action_msgs: 1.0.0 (/opt/ros/foxy/share/action_msgs/cmake)
-- Found PythonInterp: /usr/bin/python3 (found version "3.8.5") 
-- Found ament_cmake_ros: 0.9.0 (/opt/ros/foxy/share/ament_cmake_ros/cmake)
-- Using all available rosidl_typesupport_c: rosidl_typesupport_fastrtps_c;rosidl_typesupport_introspection_c
-- Using all available rosidl_typesupport_cpp: rosidl_typesupport_fastrtps_cpp;rosidl_typesupport_introspection_cpp
-- Found PythonInterp: /usr/bin/python3 (found suitable version "3.8.5", minimum required is "3.5") 
-- Found python_cmake_module: 0.8.0 (/opt/ros/foxy/share/python_cmake_module/cmake)
-- Found PythonLibs: /usr/lib/x86_64-linux-gnu/libpython3.8.so (found suitable version "3.8.5", minimum required is "3.5") 
-- Using PYTHON_EXECUTABLE: /usr/bin/python3
-- Using PYTHON_INCLUDE_DIRS: /usr/include/python3.8
-- Using PYTHON_LIBRARIES: /usr/lib/x86_64-linux-gnu/libpython3.8.so
-- Found PythonExtra: .so  
-- Found ament_lint_auto: 0.9.6 (/opt/ros/foxy/share/ament_lint_auto/cmake)
-- Added test 'copyright' to check source files copyright and LICENSE
-- Added test 'cppcheck' to perform static code analysis on C / C++ code
-- Configured cppcheck include dirs: $<BUILD_INTERFACE:/home/ros2/ros2_ws/src/ros2-behavior-trees/bt_msgs/build/bt_msgs/rosidl_generator_c>;/home/ros2/ros2_ws/src/ros2-behavior-trees/bt_msgs/build/bt_msgs/rosidl_generator_c;/home/ros2/ros2_ws/src/ros2-behavior-trees/bt_msgs/build/bt_msgs/rosidl_generator_cpp;/home/ros2/ros2_ws/src/ros2-behavior-trees/bt_msgs/build/bt_msgs/rosidl_typesupport_fastrtps_c;/home/ros2/ros2_ws/src/ros2-behavior-trees/bt_msgs/build/bt_msgs/rosidl_typesupport_fastrtps_cpp;$<BUILD_INTERFACE:/home/ros2/ros2_ws/src/ros2-behavior-trees/bt_msgs/build/bt_msgs/rosidl_typesupport_introspection_c>;$<BUILD_INTERFACE:/home/ros2/ros2_ws/src/ros2-behavior-trees/bt_msgs/build/bt_msgs/rosidl_typesupport_c>;$<BUILD_INTERFACE:/home/ros2/ros2_ws/src/ros2-behavior-trees/bt_msgs/build/bt_msgs/rosidl_generator_cpp>;/home/ros2/ros2_ws/src/ros2-behavior-trees/bt_msgs/build/bt_msgs/rosidl_generator_py
-- Configured cppcheck exclude dirs and/or files: 
-- Added test 'cpplint' to check C / C++ code against the Google style
-- Configured cpplint exclude dirs and/or files: 
-- Added test 'flake8' to check Python code syntax and style conventions
-- Added test 'lint_cmake' to check CMake code style
-- Added test 'pep257' to check Python code against some of the style conventions in PEP 257
-- Added test 'uncrustify' to check C / C++ code style
-- Configured uncrustify additional arguments: 
-- Added test 'xmllint' to check XML markup files
-- Configuring done
-- Generating done
-- Build files have been written to: /home/ros2/ros2_ws/src/ros2-behavior-trees/bt_msgs/build/bt_msgs
[  2%] [34m[1mGenerating C code for ROS interfaces[0m
[35m[1mScanning dependencies of target bt_msgs__cpp[0m
[  4%] [34m[1mGenerating C++ code for ROS interfaces[0m
[35m[1mScanning dependencies of target bt_msgs__rosidl_generator_c[0m
[  6%] [32mBuilding C object CMakeFiles/bt_msgs__rosidl_generator_c.dir/rosidl_generator_c/bt_msgs/srv/detail/empty__functions.c.o[0m
[  8%] [32mBuilding C object CMakeFiles/bt_msgs__rosidl_generator_c.dir/rosidl_generator_c/bt_msgs/msg/detail/empty__functions.c.o[0m
[  8%] Built target bt_msgs__cpp
[ 10%] [32mBuilding C object CMakeFiles/bt_msgs__rosidl_generator_c.dir/rosidl_generator_c/bt_msgs/action/detail/empty__functions.c.o[0m
[ 12%] [34m[1mGenerating C++ type support dispatch for ROS interfaces[0m
[ 14%] [34m[1mGenerating C++ type support for eProsima Fast-RTPS[0m
[ 17%] [34m[1mGenerating C++ introspection for ROS interfaces[0m
[ 19%] [32m[1mLinking C shared library libbt_msgs__rosidl_generator_c.so[0m
[ 19%] Built target bt_msgs__rosidl_generator_c
[ 21%] [34m[1mGenerating C introspection for ROS interfaces[0m
[ 23%] [34m[1mGenerating C type support dispatch for ROS interfaces[0m
[35m[1mScanning dependencies of target bt_msgs__rosidl_typesupport_cpp[0m
[ 27%] [32mBuilding CXX object CMakeFiles/bt_msgs__rosidl_typesupport_cpp.dir/rosidl_typesupport_cpp/bt_msgs/srv/empty__type_support.cpp.o[0m
[ 27%] [32mBuilding CXX object CMakeFiles/bt_msgs__rosidl_typesupport_cpp.dir/rosidl_typesupport_cpp/bt_msgs/msg/empty__type_support.cpp.o[0m
[ 29%] [32mBuilding CXX object CMakeFiles/bt_msgs__rosidl_typesupport_cpp.dir/rosidl_typesupport_cpp/bt_msgs/action/empty__type_support.cpp.o[0m
[35m[1mScanning dependencies of target bt_msgs__rosidl_typesupport_introspection_cpp[0m
[ 31%] [32mBuilding CXX object CMakeFiles/bt_msgs__rosidl_typesupport_introspection_cpp.dir/rosidl_typesupport_introspection_cpp/bt_msgs/msg/detail/empty__type_support.cpp.o[0m
[ 34%] [32mBuilding CXX object CMakeFiles/bt_msgs__rosidl_typesupport_introspection_cpp.dir/rosidl_typesupport_introspection_cpp/bt_msgs/srv/detail/empty__type_support.cpp.o[0m
[35m[1mScanning dependencies of target bt_msgs__rosidl_typesupport_c[0m
[ 36%] [32mBuilding CXX object CMakeFiles/bt_msgs__rosidl_typesupport_c.dir/rosidl_typesupport_c/bt_msgs/msg/empty__type_support.cpp.o[0m
[ 38%] [32mBuilding CXX object CMakeFiles/bt_msgs__rosidl_typesupport_c.dir/rosidl_typesupport_c/bt_msgs/srv/empty__type_support.cpp.o[0m
[ 40%] [32mBuilding CXX object CMakeFiles/bt_msgs__rosidl_typesupport_c.dir/rosidl_typesupport_c/bt_msgs/action/empty__type_support.cpp.o[0m
[ 42%] [32m[1mLinking CXX shared library libbt_msgs__rosidl_typesupport_c.so[0m
[35m[1mScanning dependencies of target bt_msgs__rosidl_typesupport_fastrtps_cpp[0m
[ 44%] [32mBuilding CXX object CMakeFiles/bt_msgs__rosidl_typesupport_introspection_cpp.dir/rosidl_typesupport_introspection_cpp/bt_msgs/action/detail/empty__type_support.cpp.o[0m
[ 46%] [32mBuilding CXX object CMakeFiles/bt_msgs__rosidl_typesupport_fastrtps_cpp.dir/rosidl_typesupport_fastrtps_cpp/bt_msgs/msg/detail/dds_fastrtps/empty__type_support.cpp.o[0m
[ 46%] Built target bt_msgs__rosidl_typesupport_c
[ 48%] [32mBuilding CXX object CMakeFiles/bt_msgs__rosidl_typesupport_fastrtps_cpp.dir/rosidl_typesupport_fastrtps_cpp/bt_msgs/srv/detail/dds_fastrtps/empty__type_support.cpp.o[0m
[ 51%] [32mBuilding CXX object CMakeFiles/bt_msgs__rosidl_typesupport_fastrtps_cpp.dir/rosidl_typesupport_fastrtps_cpp/bt_msgs/action/detail/dds_fastrtps/empty__type_support.cpp.o[0m
[35m[1mScanning dependencies of target bt_msgs__rosidl_typesupport_introspection_c[0m
[ 53%] [32mBuilding C object CMakeFiles/bt_msgs__rosidl_typesupport_introspection_c.dir/rosidl_typesupport_introspection_c/bt_msgs/msg/detail/empty__type_support.c.o[0m
[ 55%] [32m[1mLinking CXX shared library libbt_msgs__rosidl_typesupport_cpp.so[0m
[ 57%] [32mBuilding C object CMakeFiles/bt_msgs__rosidl_typesupport_introspection_c.dir/rosidl_typesupport_introspection_c/bt_msgs/srv/detail/empty__type_support.c.o[0m
[ 59%] [32mBuilding C object CMakeFiles/bt_msgs__rosidl_typesupport_introspection_c.dir/rosidl_typesupport_introspection_c/bt_msgs/action/detail/empty__type_support.c.o[0m
[ 59%] Built target bt_msgs__rosidl_typesupport_cpp
[ 61%] [32m[1mLinking C shared library libbt_msgs__rosidl_typesupport_introspection_c.so[0m
[ 61%] Built target bt_msgs__rosidl_typesupport_introspection_c
[ 63%] [32m[1mLinking CXX shared library libbt_msgs__rosidl_typesupport_introspection_cpp.so[0m
[ 63%] Built target bt_msgs__rosidl_typesupport_introspection_cpp
[ 65%] [32m[1mLinking CXX shared library libbt_msgs__rosidl_typesupport_fastrtps_cpp.so[0m
[ 65%] Built target bt_msgs__rosidl_typesupport_fastrtps_cpp
[ 68%] [34m[1mGenerating C type support for eProsima Fast-RTPS[0m
[35m[1mScanning dependencies of target bt_msgs__rosidl_typesupport_fastrtps_c[0m
[ 70%] [32mBuilding CXX object CMakeFiles/bt_msgs__rosidl_typesupport_fastrtps_c.dir/rosidl_typesupport_fastrtps_c/bt_msgs/srv/detail/empty__type_support_c.cpp.o[0m
[ 72%] [32mBuilding CXX object CMakeFiles/bt_msgs__rosidl_typesupport_fastrtps_c.dir/rosidl_typesupport_fastrtps_c/bt_msgs/msg/detail/empty__type_support_c.cpp.o[0m
[ 74%] [32mBuilding CXX object CMakeFiles/bt_msgs__rosidl_typesupport_fastrtps_c.dir/rosidl_typesupport_fastrtps_c/bt_msgs/action/detail/empty__type_support_c.cpp.o[0m
[ 76%] [32m[1mLinking CXX shared library libbt_msgs__rosidl_typesupport_fastrtps_c.so[0m
[ 76%] Built target bt_msgs__rosidl_typesupport_fastrtps_c
[35m[1mScanning dependencies of target bt_msgs[0m
[ 76%] Built target bt_msgs
[35m[1mScanning dependencies of target bt_msgs__py[0m
[ 78%] [34m[1mGenerating Python code for ROS interfaces[0m
[ 78%] Built target bt_msgs__py
[35m[1mScanning dependencies of target bt_msgs__python[0m
[ 82%] [32mBuilding C object CMakeFiles/bt_msgs__python.dir/rosidl_generator_py/bt_msgs/action/_empty_s.c.o[0m
[ 82%] [32mBuilding C object CMakeFiles/bt_msgs__python.dir/rosidl_generator_py/bt_msgs/srv/_empty_s.c.o[0m
[ 85%] [32mBuilding C object CMakeFiles/bt_msgs__python.dir/rosidl_generator_py/bt_msgs/msg/_empty_s.c.o[0m
[ 87%] [32m[1mLinking C shared library rosidl_generator_py/bt_msgs/libbt_msgs__python.so[0m
[ 87%] Built target bt_msgs__python
[35m[1mScanning dependencies of target bt_msgs__rosidl_typesupport_c__pyext[0m
[35m[1mScanning dependencies of target bt_msgs__rosidl_typesupport_fastrtps_c__pyext[0m
[35m[1mScanning dependencies of target bt_msgs__rosidl_typesupport_introspection_c__pyext[0m
[ 89%] [32mBuilding C object CMakeFiles/bt_msgs__rosidl_typesupport_fastrtps_c__pyext.dir/rosidl_generator_py/bt_msgs/_bt_msgs_s.ep.rosidl_typesupport_fastrtps_c.c.o[0m
[ 91%] [32mBuilding C object CMakeFiles/bt_msgs__rosidl_typesupport_introspection_c__pyext.dir/rosidl_generator_py/bt_msgs/_bt_msgs_s.ep.rosidl_typesupport_introspection_c.c.o[0m
[ 93%] [32mBuilding C object CMakeFiles/bt_msgs__rosidl_typesupport_c__pyext.dir/rosidl_generator_py/bt_msgs/_bt_msgs_s.ep.rosidl_typesupport_c.c.o[0m
[ 95%] [32m[1mLinking C shared library rosidl_generator_py/bt_msgs/bt_msgs_s__rosidl_typesupport_c.cpython-38-x86_64-linux-gnu.so[0m
[ 97%] [32m[1mLinking CXX shared library rosidl_generator_py/bt_msgs/bt_msgs_s__rosidl_typesupport_fastrtps_c.cpython-38-x86_64-linux-gnu.so[0m
[100%] [32m[1mLinking C shared library rosidl_generator_py/bt_msgs/bt_msgs_s__rosidl_typesupport_introspection_c.cpython-38-x86_64-linux-gnu.so[0m
[100%] Built target bt_msgs__rosidl_typesupport_introspection_c__pyext
[100%] Built target bt_msgs__rosidl_typesupport_c__pyext
[100%] Built target bt_msgs__rosidl_typesupport_fastrtps_c__pyext
-- Install configuration: ""
-- Installing: /home/ros2/ros2_ws/src/ros2-behavior-trees/bt_msgs/install/bt_msgs/share/ament_index/resource_index/rosidl_interfaces/bt_msgs
-- Installing: /home/ros2/ros2_ws/src/ros2-behavior-trees/bt_msgs/install/bt_msgs/include/bt_msgs
-- Installing: /home/ros2/ros2_ws/src/ros2-behavior-trees/bt_msgs/install/bt_msgs/include/bt_msgs/action
-- Installing: /home/ros2/ros2_ws/src/ros2-behavior-trees/bt_msgs/install/bt_msgs/include/bt_msgs/action/detail
-- Installing: /home/ros2/ros2_ws/src/ros2-behavior-trees/bt_msgs/install/bt_msgs/include/bt_msgs/action/detail/empty__struct.h
-- Installing: /home/ros2/ros2_ws/src/ros2-behavior-trees/bt_msgs/install/bt_msgs/include/bt_msgs/action/detail/empty__type_support.h
-- Installing: /home/ros2/ros2_ws/src/ros2-behavior-trees/bt_msgs/install/bt_msgs/include/bt_msgs/action/detail/empty__functions.c
-- Installing: /home/ros2/ros2_ws/src/ros2-behavior-trees/bt_msgs/install/bt_msgs/include/bt_msgs/action/detail/empty__functions.h
-- Installing: /home/ros2/ros2_ws/src/ros2-behavior-trees/bt_msgs/install/bt_msgs/include/bt_msgs/action/empty.h
-- Installing: /home/ros2/ros2_ws/src/ros2-behavior-trees/bt_msgs/install/bt_msgs/include/bt_msgs/msg
-- Installing: /home/ros2/ros2_ws/src/ros2-behavior-trees/bt_msgs/install/bt_msgs/include/bt_msgs/msg/rosidl_generator_c__visibility_control.h
-- Installing: /home/ros2/ros2_ws/src/ros2-behavior-trees/bt_msgs/install/bt_msgs/include/bt_msgs/msg/detail
-- Installing: /home/ros2/ros2_ws/src/ros2-behavior-trees/bt_msgs/install/bt_msgs/include/bt_msgs/msg/detail/empty__struct.h
-- Installing: /home/ros2/ros2_ws/src/ros2-behavior-trees/bt_msgs/install/bt_msgs/include/bt_msgs/msg/detail/empty__type_support.h
-- Installing: /home/ros2/ros2_ws/src/ros2-behavior-trees/bt_msgs/install/bt_msgs/include/bt_msgs/msg/detail/empty__functions.c
-- Installing: /home/ros2/ros2_ws/src/ros2-behavior-trees/bt_msgs/install/bt_msgs/include/bt_msgs/msg/detail/empty__functions.h
-- Installing: /home/ros2/ros2_ws/src/ros2-behavior-trees/bt_msgs/install/bt_msgs/include/bt_msgs/msg/empty.h
-- Installing: /home/ros2/ros2_ws/src/ros2-behavior-trees/bt_msgs/install/bt_msgs/include/bt_msgs/srv
-- Installing: /home/ros2/ros2_ws/src/ros2-behavior-trees/bt_msgs/install/bt_msgs/include/bt_msgs/srv/detail
-- Installing: /home/ros2/ros2_ws/src/ros2-behavior-trees/bt_msgs/install/bt_msgs/include/bt_msgs/srv/detail/empty__struct.h
-- Installing: /home/ros2/ros2_ws/src/ros2-behavior-trees/bt_msgs/install/bt_msgs/include/bt_msgs/srv/detail/empty__type_support.h
-- Installing: /home/ros2/ros2_ws/src/ros2-behavior-trees/bt_msgs/install/bt_msgs/include/bt_msgs/srv/detail/empty__functions.c
-- Installing: /home/ros2/ros2_ws/src/ros2-behavior-trees/bt_msgs/install/bt_msgs/include/bt_msgs/srv/detail/empty__functions.h
-- Installing: /home/ros2/ros2_ws/src/ros2-behavior-trees/bt_msgs/install/bt_msgs/include/bt_msgs/srv/empty.h
-- Installing: /home/ros2/ros2_ws/src/ros2-behavior-trees/bt_msgs/install/bt_msgs/share/bt_msgs/environment/library_path.sh
-- Installing: /home/ros2/ros2_ws/src/ros2-behavior-trees/bt_msgs/install/bt_msgs/share/bt_msgs/environment/library_path.dsv
-- Installing: /home/ros2/ros2_ws/src/ros2-behavior-trees/bt_msgs/install/bt_msgs/lib/libbt_msgs__rosidl_generator_c.so
-- Set runtime path of "/home/ros2/ros2_ws/src/ros2-behavior-trees/bt_msgs/install/bt_msgs/lib/libbt_msgs__rosidl_generator_c.so" to ""
-- Up-to-date: /home/ros2/ros2_ws/src/ros2-behavior-trees/bt_msgs/install/bt_msgs/include/bt_msgs
-- Up-to-date: /home/ros2/ros2_ws/src/ros2-behavior-trees/bt_msgs/install/bt_msgs/include/bt_msgs/action
-- Up-to-date: /home/ros2/ros2_ws/src/ros2-behavior-trees/bt_msgs/install/bt_msgs/include/bt_msgs/action/detail
-- Installing: /home/ros2/ros2_ws/src/ros2-behavior-trees/bt_msgs/install/bt_msgs/include/bt_msgs/action/detail/empty__rosidl_typesupport_fastrtps_c.h
-- Up-to-date: /home/ros2/ros2_ws/src/ros2-behavior-trees/bt_msgs/install/bt_msgs/include/bt_msgs/msg
-- Installing: /home/ros2/ros2_ws/src/ros2-behavior-trees/bt_msgs/install/bt_msgs/include/bt_msgs/msg/rosidl_typesupport_fastrtps_c__visibility_control.h
-- Up-to-date: /home/ros2/ros2_ws/src/ros2-behavior-trees/bt_msgs/install/bt_msgs/include/bt_msgs/msg/detail
-- Installing: /home/ros2/ros2_ws/src/ros2-behavior-trees/bt_msgs/install/bt_msgs/include/bt_msgs/msg/detail/empty__rosidl_typesupport_fastrtps_c.h
-- Up-to-date: /home/ros2/ros2_ws/src/ros2-behavior-trees/bt_msgs/install/bt_msgs/include/bt_msgs/srv
-- Up-to-date: /home/ros2/ros2_ws/src/ros2-behavior-trees/bt_msgs/install/bt_msgs/include/bt_msgs/srv/detail
-- Installing: /home/ros2/ros2_ws/src/ros2-behavior-trees/bt_msgs/install/bt_msgs/include/bt_msgs/srv/detail/empty__rosidl_typesupport_fastrtps_c.h
-- Installing: /home/ros2/ros2_ws/src/ros2-behavior-trees/bt_msgs/install/bt_msgs/lib/libbt_msgs__rosidl_typesupport_fastrtps_c.so
-- Set runtime path of "/home/ros2/ros2_ws/src/ros2-behavior-trees/bt_msgs/install/bt_msgs/lib/libbt_msgs__rosidl_typesupport_fastrtps_c.so" to ""
-- Up-to-date: /home/ros2/ros2_ws/src/ros2-behavior-trees/bt_msgs/install/bt_msgs/include/bt_msgs
-- Up-to-date: /home/ros2/ros2_ws/src/ros2-behavior-trees/bt_msgs/install/bt_msgs/include/bt_msgs/action
-- Up-to-date: /home/ros2/ros2_ws/src/ros2-behavior-trees/bt_msgs/install/bt_msgs/include/bt_msgs/action/detail
-- Installing: /home/ros2/ros2_ws/src/ros2-behavior-trees/bt_msgs/install/bt_msgs/include/bt_msgs/action/detail/empty__rosidl_typesupport_fastrtps_cpp.hpp
-- Installing: /home/ros2/ros2_ws/src/ros2-behavior-trees/bt_msgs/install/bt_msgs/include/bt_msgs/action/detail/dds_fastrtps
-- Up-to-date: /home/ros2/ros2_ws/src/ros2-behavior-trees/bt_msgs/install/bt_msgs/include/bt_msgs/msg
-- Up-to-date: /home/ros2/ros2_ws/src/ros2-behavior-trees/bt_msgs/install/bt_msgs/include/bt_msgs/msg/detail
-- Installing: /home/ros2/ros2_ws/src/ros2-behavior-trees/bt_msgs/install/bt_msgs/include/bt_msgs/msg/detail/empty__rosidl_typesupport_fastrtps_cpp.hpp
-- Installing: /home/ros2/ros2_ws/src/ros2-behavior-trees/bt_msgs/install/bt_msgs/include/bt_msgs/msg/detail/dds_fastrtps
-- Installing: /home/ros2/ros2_ws/src/ros2-behavior-trees/bt_msgs/install/bt_msgs/include/bt_msgs/msg/rosidl_typesupport_fastrtps_cpp__visibility_control.h
-- Up-to-date: /home/ros2/ros2_ws/src/ros2-behavior-trees/bt_msgs/install/bt_msgs/include/bt_msgs/srv
-- Up-to-date: /home/ros2/ros2_ws/src/ros2-behavior-trees/bt_msgs/install/bt_msgs/include/bt_msgs/srv/detail
-- Installing: /home/ros2/ros2_ws/src/ros2-behavior-trees/bt_msgs/install/bt_msgs/include/bt_msgs/srv/detail/empty__rosidl_typesupport_fastrtps_cpp.hpp
-- Installing: /home/ros2/ros2_ws/src/ros2-behavior-trees/bt_msgs/install/bt_msgs/include/bt_msgs/srv/detail/dds_fastrtps
-- Installing: /home/ros2/ros2_ws/src/ros2-behavior-trees/bt_msgs/install/bt_msgs/lib/libbt_msgs__rosidl_typesupport_fastrtps_cpp.so
-- Set runtime path of "/home/ros2/ros2_ws/src/ros2-behavior-trees/bt_msgs/install/bt_msgs/lib/libbt_msgs__rosidl_typesupport_fastrtps_cpp.so" to ""
-- Up-to-date: /home/ros2/ros2_ws/src/ros2-behavior-trees/bt_msgs/install/bt_msgs/include/bt_msgs
-- Up-to-date: /home/ros2/ros2_ws/src/ros2-behavior-trees/bt_msgs/install/bt_msgs/include/bt_msgs/action
-- Up-to-date: /home/ros2/ros2_ws/src/ros2-behavior-trees/bt_msgs/install/bt_msgs/include/bt_msgs/action/detail
-- Installing: /home/ros2/ros2_ws/src/ros2-behavior-trees/bt_msgs/install/bt_msgs/include/bt_msgs/action/detail/empty__rosidl_typesupport_introspection_c.h
-- Installing: /home/ros2/ros2_ws/src/ros2-behavior-trees/bt_msgs/install/bt_msgs/include/bt_msgs/action/detail/empty__type_support.c
-- Up-to-date: /home/ros2/ros2_ws/src/ros2-behavior-trees/bt_msgs/install/bt_msgs/include/bt_msgs/msg
-- Installing: /home/ros2/ros2_ws/src/ros2-behavior-trees/bt_msgs/install/bt_msgs/include/bt_msgs/msg/rosidl_typesupport_introspection_c__visibility_control.h
-- Up-to-date: /home/ros2/ros2_ws/src/ros2-behavior-trees/bt_msgs/install/bt_msgs/include/bt_msgs/msg/detail
-- Installing: /home/ros2/ros2_ws/src/ros2-behavior-trees/bt_msgs/install/bt_msgs/include/bt_msgs/msg/detail/empty__rosidl_typesupport_introspection_c.h
-- Installing: /home/ros2/ros2_ws/src/ros2-behavior-trees/bt_msgs/install/bt_msgs/include/bt_msgs/msg/detail/empty__type_support.c
-- Up-to-date: /home/ros2/ros2_ws/src/ros2-behavior-trees/bt_msgs/install/bt_msgs/include/bt_msgs/srv
-- Up-to-date: /home/ros2/ros2_ws/src/ros2-behavior-trees/bt_msgs/install/bt_msgs/include/bt_msgs/srv/detail
-- Installing: /home/ros2/ros2_ws/src/ros2-behavior-trees/bt_msgs/install/bt_msgs/include/bt_msgs/srv/detail/empty__rosidl_typesupport_introspection_c.h
-- Installing: /home/ros2/ros2_ws/src/ros2-behavior-trees/bt_msgs/install/bt_msgs/include/bt_msgs/srv/detail/empty__type_support.c
-- Installing: /home/ros2/ros2_ws/src/ros2-behavior-trees/bt_msgs/install/bt_msgs/lib/libbt_msgs__rosidl_typesupport_introspection_c.so
-- Set runtime path of "/home/ros2/ros2_ws/src/ros2-behavior-trees/bt_msgs/install/bt_msgs/lib/libbt_msgs__rosidl_typesupport_introspection_c.so" to ""
-- Installing: /home/ros2/ros2_ws/src/ros2-behavior-trees/bt_msgs/install/bt_msgs/lib/libbt_msgs__rosidl_typesupport_c.so
-- Set runtime path of "/home/ros2/ros2_ws/src/ros2-behavior-trees/bt_msgs/install/bt_msgs/lib/libbt_msgs__rosidl_typesupport_c.so" to ""
-- Up-to-date: /home/ros2/ros2_ws/src/ros2-behavior-trees/bt_msgs/install/bt_msgs/include/bt_msgs
-- Up-to-date: /home/ros2/ros2_ws/src/ros2-behavior-trees/bt_msgs/install/bt_msgs/include/bt_msgs/action
-- Installing: /home/ros2/ros2_ws/src/ros2-behavior-trees/bt_msgs/install/bt_msgs/include/bt_msgs/action/empty.hpp
-- Up-to-date: /home/ros2/ros2_ws/src/ros2-behavior-trees/bt_msgs/install/bt_msgs/include/bt_msgs/action/detail
-- Installing: /home/ros2/ros2_ws/src/ros2-behavior-trees/bt_msgs/install/bt_msgs/include/bt_msgs/action/detail/empty__builder.hpp
-- Installing: /home/ros2/ros2_ws/src/ros2-behavior-trees/bt_msgs/install/bt_msgs/include/bt_msgs/action/detail/empty__traits.hpp
-- Installing: /home/ros2/ros2_ws/src/ros2-behavior-trees/bt_msgs/install/bt_msgs/include/bt_msgs/action/detail/empty__struct.hpp
-- Up-to-date: /home/ros2/ros2_ws/src/ros2-behavior-trees/bt_msgs/install/bt_msgs/include/bt_msgs/msg
-- Installing: /home/ros2/ros2_ws/src/ros2-behavior-trees/bt_msgs/install/bt_msgs/include/bt_msgs/msg/empty.hpp
-- Up-to-date: /home/ros2/ros2_ws/src/ros2-behavior-trees/bt_msgs/install/bt_msgs/include/bt_msgs/msg/detail
-- Installing: /home/ros2/ros2_ws/src/ros2-behavior-trees/bt_msgs/install/bt_msgs/include/bt_msgs/msg/detail/empty__builder.hpp
-- Installing: /home/ros2/ros2_ws/src/ros2-behavior-trees/bt_msgs/install/bt_msgs/include/bt_msgs/msg/detail/empty__traits.hpp
-- Installing: /home/ros2/ros2_ws/src/ros2-behavior-trees/bt_msgs/install/bt_msgs/include/bt_msgs/msg/detail/empty__struct.hpp
-- Up-to-date: /home/ros2/ros2_ws/src/ros2-behavior-trees/bt_msgs/install/bt_msgs/include/bt_msgs/srv
-- Installing: /home/ros2/ros2_ws/src/ros2-behavior-trees/bt_msgs/install/bt_msgs/include/bt_msgs/srv/empty.hpp
-- Up-to-date: /home/ros2/ros2_ws/src/ros2-behavior-trees/bt_msgs/install/bt_msgs/include/bt_msgs/srv/detail
-- Installing: /home/ros2/ros2_ws/src/ros2-behavior-trees/bt_msgs/install/bt_msgs/include/bt_msgs/srv/detail/empty__builder.hpp
-- Installing: /home/ros2/ros2_ws/src/ros2-behavior-trees/bt_msgs/install/bt_msgs/include/bt_msgs/srv/detail/empty__traits.hpp
-- Installing: /home/ros2/ros2_ws/src/ros2-behavior-trees/bt_msgs/install/bt_msgs/include/bt_msgs/srv/detail/empty__struct.hpp
-- Up-to-date: /home/ros2/ros2_ws/src/ros2-behavior-trees/bt_msgs/install/bt_msgs/include/bt_msgs
-- Up-to-date: /home/ros2/ros2_ws/src/ros2-behavior-trees/bt_msgs/install/bt_msgs/include/bt_msgs/action
-- Up-to-date: /home/ros2/ros2_ws/src/ros2-behavior-trees/bt_msgs/install/bt_msgs/include/bt_msgs/action/detail
-- Installing: /home/ros2/ros2_ws/src/ros2-behavior-trees/bt_msgs/install/bt_msgs/include/bt_msgs/action/detail/empty__type_support.cpp
-- Installing: /home/ros2/ros2_ws/src/ros2-behavior-trees/bt_msgs/install/bt_msgs/include/bt_msgs/action/detail/empty__rosidl_typesupport_introspection_cpp.hpp
-- Up-to-date: /home/ros2/ros2_ws/src/ros2-behavior-trees/bt_msgs/install/bt_msgs/include/bt_msgs/msg
-- Up-to-date: /home/ros2/ros2_ws/src/ros2-behavior-trees/bt_msgs/install/bt_msgs/include/bt_msgs/msg/detail
-- Installing: /home/ros2/ros2_ws/src/ros2-behavior-trees/bt_msgs/install/bt_msgs/include/bt_msgs/msg/detail/empty__type_support.cpp
-- Installing: /home/ros2/ros2_ws/src/ros2-behavior-trees/bt_msgs/install/bt_msgs/include/bt_msgs/msg/detail/empty__rosidl_typesupport_introspection_cpp.hpp
-- Up-to-date: /home/ros2/ros2_ws/src/ros2-behavior-trees/bt_msgs/install/bt_msgs/include/bt_msgs/srv
-- Up-to-date: /home/ros2/ros2_ws/src/ros2-behavior-trees/bt_msgs/install/bt_msgs/include/bt_msgs/srv/detail
-- Installing: /home/ros2/ros2_ws/src/ros2-behavior-trees/bt_msgs/install/bt_msgs/include/bt_msgs/srv/detail/empty__type_support.cpp
-- Installing: /home/ros2/ros2_ws/src/ros2-behavior-trees/bt_msgs/install/bt_msgs/include/bt_msgs/srv/detail/empty__rosidl_typesupport_introspection_cpp.hpp
-- Installing: /home/ros2/ros2_ws/src/ros2-behavior-trees/bt_msgs/install/bt_msgs/lib/libbt_msgs__rosidl_typesupport_introspection_cpp.so
-- Set runtime path of "/home/ros2/ros2_ws/src/ros2-behavior-trees/bt_msgs/install/bt_msgs/lib/libbt_msgs__rosidl_typesupport_introspection_cpp.so" to ""
-- Installing: /home/ros2/ros2_ws/src/ros2-behavior-trees/bt_msgs/install/bt_msgs/lib/libbt_msgs__rosidl_typesupport_cpp.so
-- Set runtime path of "/home/ros2/ros2_ws/src/ros2-behavior-trees/bt_msgs/install/bt_msgs/lib/libbt_msgs__rosidl_typesupport_cpp.so" to ""
-- Installing: /home/ros2/ros2_ws/src/ros2-behavior-trees/bt_msgs/install/bt_msgs/share/bt_msgs/environment/pythonpath.sh
-- Installing: /home/ros2/ros2_ws/src/ros2-behavior-trees/bt_msgs/install/bt_msgs/share/bt_msgs/environment/pythonpath.dsv
-- Installing: /home/ros2/ros2_ws/src/ros2-behavior-trees/bt_msgs/install/bt_msgs/lib/python3.8/site-packages/bt_msgs/__init__.py
Compiling '/home/ros2/ros2_ws/src/ros2-behavior-trees/bt_msgs/install/bt_msgs/lib/python3.8/site-packages/bt_msgs/__init__.py'...
-- Installing: /home/ros2/ros2_ws/src/ros2-behavior-trees/bt_msgs/install/bt_msgs/lib/python3.8/site-packages/bt_msgs/msg
-- Installing: /home/ros2/ros2_ws/src/ros2-behavior-trees/bt_msgs/install/bt_msgs/lib/python3.8/site-packages/bt_msgs/msg/_empty.py
-- Installing: /home/ros2/ros2_ws/src/ros2-behavior-trees/bt_msgs/install/bt_msgs/lib/python3.8/site-packages/bt_msgs/msg/__init__.py
-- Installing: /home/ros2/ros2_ws/src/ros2-behavior-trees/bt_msgs/install/bt_msgs/lib/python3.8/site-packages/bt_msgs/msg/_empty_s.c
-- Installing: /home/ros2/ros2_ws/src/ros2-behavior-trees/bt_msgs/install/bt_msgs/lib/python3.8/site-packages/bt_msgs/srv
-- Installing: /home/ros2/ros2_ws/src/ros2-behavior-trees/bt_msgs/install/bt_msgs/lib/python3.8/site-packages/bt_msgs/srv/_empty.py
-- Installing: /home/ros2/ros2_ws/src/ros2-behavior-trees/bt_msgs/install/bt_msgs/lib/python3.8/site-packages/bt_msgs/srv/__init__.py
-- Installing: /home/ros2/ros2_ws/src/ros2-behavior-trees/bt_msgs/install/bt_msgs/lib/python3.8/site-packages/bt_msgs/srv/_empty_s.c
-- Installing: /home/ros2/ros2_ws/src/ros2-behavior-trees/bt_msgs/install/bt_msgs/lib/python3.8/site-packages/bt_msgs/action
-- Installing: /home/ros2/ros2_ws/src/ros2-behavior-trees/bt_msgs/install/bt_msgs/lib/python3.8/site-packages/bt_msgs/action/_empty.py
-- Installing: /home/ros2/ros2_ws/src/ros2-behavior-trees/bt_msgs/install/bt_msgs/lib/python3.8/site-packages/bt_msgs/action/__init__.py
-- Installing: /home/ros2/ros2_ws/src/ros2-behavior-trees/bt_msgs/install/bt_msgs/lib/python3.8/site-packages/bt_msgs/action/_empty_s.c
-- Installing: /home/ros2/ros2_ws/src/ros2-behavior-trees/bt_msgs/install/bt_msgs/lib/python3.8/site-packages/bt_msgs/bt_msgs_s__rosidl_typesupport_fastrtps_c.cpython-38-x86_64-linux-gnu.so
-- Set runtime path of "/home/ros2/ros2_ws/src/ros2-behavior-trees/bt_msgs/install/bt_msgs/lib/python3.8/site-packages/bt_msgs/bt_msgs_s__rosidl_typesupport_fastrtps_c.cpython-38-x86_64-linux-gnu.so" to ""
-- Installing: /home/ros2/ros2_ws/src/ros2-behavior-trees/bt_msgs/install/bt_msgs/lib/python3.8/site-packages/bt_msgs/bt_msgs_s__rosidl_typesupport_introspection_c.cpython-38-x86_64-linux-gnu.so
-- Set runtime path of "/home/ros2/ros2_ws/src/ros2-behavior-trees/bt_msgs/install/bt_msgs/lib/python3.8/site-packages/bt_msgs/bt_msgs_s__rosidl_typesupport_introspection_c.cpython-38-x86_64-linux-gnu.so" to ""
-- Installing: /home/ros2/ros2_ws/src/ros2-behavior-trees/bt_msgs/install/bt_msgs/lib/python3.8/site-packages/bt_msgs/bt_msgs_s__rosidl_typesupport_c.cpython-38-x86_64-linux-gnu.so
-- Set runtime path of "/home/ros2/ros2_ws/src/ros2-behavior-trees/bt_msgs/install/bt_msgs/lib/python3.8/site-packages/bt_msgs/bt_msgs_s__rosidl_typesupport_c.cpython-38-x86_64-linux-gnu.so" to ""
-- Installing: /home/ros2/ros2_ws/src/ros2-behavior-trees/bt_msgs/install/bt_msgs/lib/libbt_msgs__python.so
-- Set runtime path of "/home/ros2/ros2_ws/src/ros2-behavior-trees/bt_msgs/install/bt_msgs/lib/libbt_msgs__python.so" to ""
-- Installing: /home/ros2/ros2_ws/src/ros2-behavior-trees/bt_msgs/install/bt_msgs/share/bt_msgs/msg/Empty.idl
-- Installing: /home/ros2/ros2_ws/src/ros2-behavior-trees/bt_msgs/install/bt_msgs/share/bt_msgs/srv/Empty.idl
-- Installing: /home/ros2/ros2_ws/src/ros2-behavior-trees/bt_msgs/install/bt_msgs/share/bt_msgs/action/Empty.idl
-- Installing: /home/ros2/ros2_ws/src/ros2-behavior-trees/bt_msgs/install/bt_msgs/share/bt_msgs/msg/Empty.msg
-- Installing: /home/ros2/ros2_ws/src/ros2-behavior-trees/bt_msgs/install/bt_msgs/share/bt_msgs/srv/Empty.srv
-- Installing: /home/ros2/ros2_ws/src/ros2-behavior-trees/bt_msgs/install/bt_msgs/share/bt_msgs/srv/Empty_Request.msg
-- Installing: /home/ros2/ros2_ws/src/ros2-behavior-trees/bt_msgs/install/bt_msgs/share/bt_msgs/srv/Empty_Response.msg
-- Installing: /home/ros2/ros2_ws/src/ros2-behavior-trees/bt_msgs/install/bt_msgs/share/bt_msgs/action/Empty.action
-- Installing: /home/ros2/ros2_ws/src/ros2-behavior-trees/bt_msgs/install/bt_msgs/share/ament_index/resource_index/package_run_dependencies/bt_msgs
-- Installing: /home/ros2/ros2_ws/src/ros2-behavior-trees/bt_msgs/install/bt_msgs/share/ament_index/resource_index/parent_prefix_path/bt_msgs
-- Installing: /home/ros2/ros2_ws/src/ros2-behavior-trees/bt_msgs/install/bt_msgs/share/bt_msgs/environment/ament_prefix_path.sh
-- Installing: /home/ros2/ros2_ws/src/ros2-behavior-trees/bt_msgs/install/bt_msgs/share/bt_msgs/environment/ament_prefix_path.dsv
-- Installing: /home/ros2/ros2_ws/src/ros2-behavior-trees/bt_msgs/install/bt_msgs/share/bt_msgs/environment/path.sh
-- Installing: /home/ros2/ros2_ws/src/ros2-behavior-trees/bt_msgs/install/bt_msgs/share/bt_msgs/environment/path.dsv
-- Installing: /home/ros2/ros2_ws/src/ros2-behavior-trees/bt_msgs/install/bt_msgs/share/bt_msgs/local_setup.bash
-- Installing: /home/ros2/ros2_ws/src/ros2-behavior-trees/bt_msgs/install/bt_msgs/share/bt_msgs/local_setup.sh
-- Installing: /home/ros2/ros2_ws/src/ros2-behavior-trees/bt_msgs/install/bt_msgs/share/bt_msgs/local_setup.zsh
-- Installing: /home/ros2/ros2_ws/src/ros2-behavior-trees/bt_msgs/install/bt_msgs/share/bt_msgs/local_setup.dsv
-- Installing: /home/ros2/ros2_ws/src/ros2-behavior-trees/bt_msgs/install/bt_msgs/share/bt_msgs/package.dsv
-- Installing: /home/ros2/ros2_ws/src/ros2-behavior-trees/bt_msgs/install/bt_msgs/share/ament_index/resource_index/packages/bt_msgs
-- Installing: /home/ros2/ros2_ws/src/ros2-behavior-trees/bt_msgs/install/bt_msgs/share/bt_msgs/cmake/bt_msgs__rosidl_generator_cExport.cmake
-- Installing: /home/ros2/ros2_ws/src/ros2-behavior-trees/bt_msgs/install/bt_msgs/share/bt_msgs/cmake/bt_msgs__rosidl_generator_cExport-noconfig.cmake
-- Installing: /home/ros2/ros2_ws/src/ros2-behavior-trees/bt_msgs/install/bt_msgs/share/bt_msgs/cmake/bt_msgs__rosidl_typesupport_introspection_cExport.cmake
-- Installing: /home/ros2/ros2_ws/src/ros2-behavior-trees/bt_msgs/install/bt_msgs/share/bt_msgs/cmake/bt_msgs__rosidl_typesupport_introspection_cExport-noconfig.cmake
-- Installing: /home/ros2/ros2_ws/src/ros2-behavior-trees/bt_msgs/install/bt_msgs/share/bt_msgs/cmake/bt_msgs__rosidl_typesupport_cExport.cmake
-- Installing: /home/ros2/ros2_ws/src/ros2-behavior-trees/bt_msgs/install/bt_msgs/share/bt_msgs/cmake/bt_msgs__rosidl_typesupport_cExport-noconfig.cmake
-- Installing: /home/ros2/ros2_ws/src/ros2-behavior-trees/bt_msgs/install/bt_msgs/share/bt_msgs/cmake/bt_msgs__rosidl_generator_cppExport.cmake
-- Installing: /home/ros2/ros2_ws/src/ros2-behavior-trees/bt_msgs/install/bt_msgs/share/bt_msgs/cmake/bt_msgs__rosidl_typesupport_introspection_cppExport.cmake
-- Installing: /home/ros2/ros2_ws/src/ros2-behavior-trees/bt_msgs/install/bt_msgs/share/bt_msgs/cmake/bt_msgs__rosidl_typesupport_introspection_cppExport-noconfig.cmake
-- Installing: /home/ros2/ros2_ws/src/ros2-behavior-trees/bt_msgs/install/bt_msgs/share/bt_msgs/cmake/bt_msgs__rosidl_typesupport_cppExport.cmake
-- Installing: /home/ros2/ros2_ws/src/ros2-behavior-trees/bt_msgs/install/bt_msgs/share/bt_msgs/cmake/bt_msgs__rosidl_typesupport_cppExport-noconfig.cmake
-- Installing: /home/ros2/ros2_ws/src/ros2-behavior-trees/bt_msgs/install/bt_msgs/share/bt_msgs/cmake/rosidl_cmake-extras.cmake
-- Installing: /home/ros2/ros2_ws/src/ros2-behavior-trees/bt_msgs/install/bt_msgs/share/bt_msgs/cmake/ament_cmake_export_dependencies-extras.cmake
-- Installing: /home/ros2/ros2_ws/src/ros2-behavior-trees/bt_msgs/install/bt_msgs/share/bt_msgs/cmake/ament_cmake_export_libraries-extras.cmake
-- Installing: /home/ros2/ros2_ws/src/ros2-behavior-trees/bt_msgs/install/bt_msgs/share/bt_msgs/cmake/ament_cmake_export_targets-extras.cmake
-- Installing: /home/ros2/ros2_ws/src/ros2-behavior-trees/bt_msgs/install/bt_msgs/share/bt_msgs/cmake/ament_cmake_export_include_directories-extras.cmake
-- Installing: /home/ros2/ros2_ws/src/ros2-behavior-trees/bt_msgs/install/bt_msgs/share/bt_msgs/cmake/rosidl_cmake_export_typesupport_libraries-extras.cmake
-- Installing: /home/ros2/ros2_ws/src/ros2-behavior-trees/bt_msgs/install/bt_msgs/share/bt_msgs/cmake/rosidl_cmake_export_typesupport_targets-extras.cmake
-- Installing: /home/ros2/ros2_ws/src/ros2-behavior-trees/bt_msgs/install/bt_msgs/share/bt_msgs/cmake/bt_msgsConfig.cmake
-- Installing: /home/ros2/ros2_ws/src/ros2-behavior-trees/bt_msgs/install/bt_msgs/share/bt_msgs/cmake/bt_msgsConfig-version.cmake
-- Installing: /home/ros2/ros2_ws/src/ros2-behavior-trees/bt_msgs/install/bt_msgs/share/bt_msgs/package.xml
