[0.013s] Invoking command in '/home/ros2/ros2_ws/src/ros2-behavior-trees/bt_msgs/build/bt_msgs': CMAKE_PREFIX_PATH=${CMAKE_PREFIX_PATH}:/opt/ros/foxy /usr/bin/cmake /home/ros2/ros2_ws/src/ros2-behavior-trees/bt_msgs -DCMAKE_INSTALL_PREFIX=/home/ros2/ros2_ws/src/ros2-behavior-trees/bt_msgs/install/bt_msgs
[0.071s] -- The C compiler identification is GNU 9.3.0
[0.127s] -- The CXX compiler identification is GNU 9.3.0
[0.132s] -- Check for working C compiler: /usr/bin/cc
[0.198s] -- Check for working C compiler: /usr/bin/cc -- works
[0.198s] -- Detecting C compiler ABI info
[0.265s] -- Detecting C compiler ABI info - done
[0.277s] -- Detecting C compile features
[0.277s] -- Detecting C compile features - done
[0.279s] -- Check for working CXX compiler: /usr/bin/c++
[0.355s] -- Check for working CXX compiler: /usr/bin/c++ -- works
[0.356s] -- Detecting CXX compiler ABI info
[0.432s] -- Detecting CXX compiler ABI info - done
[0.443s] -- Detecting CXX compile features
[0.444s] -- Detecting CXX compile features - done
[0.447s] -- Found ament_cmake: 0.9.8 (/opt/ros/foxy/share/ament_cmake/cmake)
[0.473s] -- Found PythonInterp: /usr/bin/python3 (found suitable version "3.8.5", minimum required is "3") 
[0.473s] -- Using PYTHON_EXECUTABLE: /usr/bin/python3
[0.668s] -- Found rosidl_default_generators: 1.0.0 (/opt/ros/foxy/share/rosidl_default_generators/cmake)
[0.672s] -- Using all available rosidl_typesupport_c: rosidl_typesupport_fastrtps_c;rosidl_typesupport_introspection_c
[0.679s] -- Found rosidl_adapter: 1.2.0 (/opt/ros/foxy/share/rosidl_adapter/cmake)
[0.795s] -- Found OpenSSL: /usr/lib/x86_64-linux-gnu/libcrypto.so (found version "1.1.1f")  
[0.834s] -- Found FastRTPS: /opt/ros/foxy/include  
[0.934s] -- Using all available rosidl_typesupport_cpp: rosidl_typesupport_fastrtps_cpp;rosidl_typesupport_introspection_cpp
[0.965s] -- Found builtin_interfaces: 1.0.0 (/opt/ros/foxy/share/builtin_interfaces/cmake)
[0.979s] -- Found action_msgs: 1.0.0 (/opt/ros/foxy/share/action_msgs/cmake)
[1.044s] -- Found PythonInterp: /usr/bin/python3 (found version "3.8.5") 
[1.184s] -- Found ament_cmake_ros: 0.9.0 (/opt/ros/foxy/share/ament_cmake_ros/cmake)
[1.347s] -- Using all available rosidl_typesupport_c: rosidl_typesupport_fastrtps_c;rosidl_typesupport_introspection_c
[1.372s] -- Using all available rosidl_typesupport_cpp: rosidl_typesupport_fastrtps_cpp;rosidl_typesupport_introspection_cpp
[1.396s] -- Found PythonInterp: /usr/bin/python3 (found suitable version "3.8.5", minimum required is "3.5") 
[1.399s] -- Found python_cmake_module: 0.8.0 (/opt/ros/foxy/share/python_cmake_module/cmake)
[1.424s] -- Found PythonLibs: /usr/lib/x86_64-linux-gnu/libpython3.8.so (found suitable version "3.8.5", minimum required is "3.5") 
[1.424s] -- Using PYTHON_EXECUTABLE: /usr/bin/python3
[1.424s] -- Using PYTHON_INCLUDE_DIRS: /usr/include/python3.8
[1.424s] -- Using PYTHON_LIBRARIES: /usr/lib/x86_64-linux-gnu/libpython3.8.so
[1.444s] -- Found PythonExtra: .so  
[1.495s] -- Found ament_lint_auto: 0.9.6 (/opt/ros/foxy/share/ament_lint_auto/cmake)
[1.520s] -- Added test 'copyright' to check source files copyright and LICENSE
[1.529s] -- Added test 'cppcheck' to perform static code analysis on C / C++ code
[1.531s] -- Configured cppcheck include dirs: $<BUILD_INTERFACE:/home/ros2/ros2_ws/src/ros2-behavior-trees/bt_msgs/build/bt_msgs/rosidl_generator_c>;/home/ros2/ros2_ws/src/ros2-behavior-trees/bt_msgs/build/bt_msgs/rosidl_generator_c;/home/ros2/ros2_ws/src/ros2-behavior-trees/bt_msgs/build/bt_msgs/rosidl_generator_cpp;/home/ros2/ros2_ws/src/ros2-behavior-trees/bt_msgs/build/bt_msgs/rosidl_typesupport_fastrtps_c;/home/ros2/ros2_ws/src/ros2-behavior-trees/bt_msgs/build/bt_msgs/rosidl_typesupport_fastrtps_cpp;$<BUILD_INTERFACE:/home/ros2/ros2_ws/src/ros2-behavior-trees/bt_msgs/build/bt_msgs/rosidl_typesupport_introspection_c>;$<BUILD_INTERFACE:/home/ros2/ros2_ws/src/ros2-behavior-trees/bt_msgs/build/bt_msgs/rosidl_typesupport_c>;$<BUILD_INTERFACE:/home/ros2/ros2_ws/src/ros2-behavior-trees/bt_msgs/build/bt_msgs/rosidl_generator_cpp>;/home/ros2/ros2_ws/src/ros2-behavior-trees/bt_msgs/build/bt_msgs/rosidl_generator_py
[1.531s] -- Configured cppcheck exclude dirs and/or files: 
[1.539s] -- Added test 'cpplint' to check C / C++ code against the Google style
[1.539s] -- Configured cpplint exclude dirs and/or files: 
[1.540s] -- Added test 'flake8' to check Python code syntax and style conventions
[1.542s] -- Added test 'lint_cmake' to check CMake code style
[1.543s] -- Added test 'pep257' to check Python code against some of the style conventions in PEP 257
[1.551s] -- Added test 'uncrustify' to check C / C++ code style
[1.551s] -- Configured uncrustify additional arguments: 
[1.552s] -- Added test 'xmllint' to check XML markup files
[1.559s] -- Configuring done
[1.615s] -- Generating done
[1.618s] -- Build files have been written to: /home/ros2/ros2_ws/src/ros2-behavior-trees/bt_msgs/build/bt_msgs
[1.625s] Invoked command in '/home/ros2/ros2_ws/src/ros2-behavior-trees/bt_msgs/build/bt_msgs' returned '0': CMAKE_PREFIX_PATH=${CMAKE_PREFIX_PATH}:/opt/ros/foxy /usr/bin/cmake /home/ros2/ros2_ws/src/ros2-behavior-trees/bt_msgs -DCMAKE_INSTALL_PREFIX=/home/ros2/ros2_ws/src/ros2-behavior-trees/bt_msgs/install/bt_msgs
[1.628s] Invoking command in '/home/ros2/ros2_ws/src/ros2-behavior-trees/bt_msgs/build/bt_msgs': CMAKE_PREFIX_PATH=${CMAKE_PREFIX_PATH}:/opt/ros/foxy /usr/bin/cmake --build /home/ros2/ros2_ws/src/ros2-behavior-trees/bt_msgs/build/bt_msgs -- -j8 -l8
[1.672s] [  2%] [34m[1mGenerating C code for ROS interfaces[0m
[1.672s] [35m[1mScanning dependencies of target bt_msgs__cpp[0m
[1.686s] [  4%] [34m[1mGenerating C++ code for ROS interfaces[0m
[2.192s] [35m[1mScanning dependencies of target bt_msgs__rosidl_generator_c[0m
[2.207s] [  6%] [32mBuilding C object CMakeFiles/bt_msgs__rosidl_generator_c.dir/rosidl_generator_c/bt_msgs/srv/detail/empty__functions.c.o[0m
[2.207s] [  8%] [32mBuilding C object CMakeFiles/bt_msgs__rosidl_generator_c.dir/rosidl_generator_c/bt_msgs/msg/detail/empty__functions.c.o[0m
[2.209s] [  8%] Built target bt_msgs__cpp
[2.211s] [ 10%] [32mBuilding C object CMakeFiles/bt_msgs__rosidl_generator_c.dir/rosidl_generator_c/bt_msgs/action/detail/empty__functions.c.o[0m
[2.228s] [ 12%] [34m[1mGenerating C++ type support dispatch for ROS interfaces[0m
[2.229s] [ 14%] [34m[1mGenerating C++ type support for eProsima Fast-RTPS[0m
[2.229s] [ 17%] [34m[1mGenerating C++ introspection for ROS interfaces[0m
[2.347s] [ 19%] [32m[1mLinking C shared library libbt_msgs__rosidl_generator_c.so[0m
[2.399s] [ 19%] Built target bt_msgs__rosidl_generator_c
[2.414s] [ 21%] [34m[1mGenerating C introspection for ROS interfaces[0m
[2.417s] [ 23%] [34m[1mGenerating C type support dispatch for ROS interfaces[0m
[2.671s] [35m[1mScanning dependencies of target bt_msgs__rosidl_typesupport_cpp[0m
[2.693s] [ 27%] [32mBuilding CXX object CMakeFiles/bt_msgs__rosidl_typesupport_cpp.dir/rosidl_typesupport_cpp/bt_msgs/srv/empty__type_support.cpp.o[0m
[2.693s] [ 27%] [32mBuilding CXX object CMakeFiles/bt_msgs__rosidl_typesupport_cpp.dir/rosidl_typesupport_cpp/bt_msgs/msg/empty__type_support.cpp.o[0m
[2.694s] [ 29%] [32mBuilding CXX object CMakeFiles/bt_msgs__rosidl_typesupport_cpp.dir/rosidl_typesupport_cpp/bt_msgs/action/empty__type_support.cpp.o[0m
[2.784s] [35m[1mScanning dependencies of target bt_msgs__rosidl_typesupport_introspection_cpp[0m
[2.811s] [ 31%] [32mBuilding CXX object CMakeFiles/bt_msgs__rosidl_typesupport_introspection_cpp.dir/rosidl_typesupport_introspection_cpp/bt_msgs/msg/detail/empty__type_support.cpp.o[0m
[2.813s] [ 34%] [32mBuilding CXX object CMakeFiles/bt_msgs__rosidl_typesupport_introspection_cpp.dir/rosidl_typesupport_introspection_cpp/bt_msgs/srv/detail/empty__type_support.cpp.o[0m
[2.953s] [35m[1mScanning dependencies of target bt_msgs__rosidl_typesupport_c[0m
[2.991s] [ 36%] [32mBuilding CXX object CMakeFiles/bt_msgs__rosidl_typesupport_c.dir/rosidl_typesupport_c/bt_msgs/msg/empty__type_support.cpp.o[0m
[3.048s] [ 38%] [32mBuilding CXX object CMakeFiles/bt_msgs__rosidl_typesupport_c.dir/rosidl_typesupport_c/bt_msgs/srv/empty__type_support.cpp.o[0m
[3.109s] [ 40%] [32mBuilding CXX object CMakeFiles/bt_msgs__rosidl_typesupport_c.dir/rosidl_typesupport_c/bt_msgs/action/empty__type_support.cpp.o[0m
[3.210s] [ 42%] [32m[1mLinking CXX shared library libbt_msgs__rosidl_typesupport_c.so[0m
[3.241s] [35m[1mScanning dependencies of target bt_msgs__rosidl_typesupport_fastrtps_cpp[0m
[3.258s] [ 44%] [32mBuilding CXX object CMakeFiles/bt_msgs__rosidl_typesupport_introspection_cpp.dir/rosidl_typesupport_introspection_cpp/bt_msgs/action/detail/empty__type_support.cpp.o[0m
[3.283s] [ 46%] [32mBuilding CXX object CMakeFiles/bt_msgs__rosidl_typesupport_fastrtps_cpp.dir/rosidl_typesupport_fastrtps_cpp/bt_msgs/msg/detail/dds_fastrtps/empty__type_support.cpp.o[0m
[3.297s] [ 46%] Built target bt_msgs__rosidl_typesupport_c
[3.315s] [ 48%] [32mBuilding CXX object CMakeFiles/bt_msgs__rosidl_typesupport_fastrtps_cpp.dir/rosidl_typesupport_fastrtps_cpp/bt_msgs/srv/detail/dds_fastrtps/empty__type_support.cpp.o[0m
[3.316s] [ 51%] [32mBuilding CXX object CMakeFiles/bt_msgs__rosidl_typesupport_fastrtps_cpp.dir/rosidl_typesupport_fastrtps_cpp/bt_msgs/action/detail/dds_fastrtps/empty__type_support.cpp.o[0m
[3.325s] [35m[1mScanning dependencies of target bt_msgs__rosidl_typesupport_introspection_c[0m
[3.356s] [ 53%] [32mBuilding C object CMakeFiles/bt_msgs__rosidl_typesupport_introspection_c.dir/rosidl_typesupport_introspection_c/bt_msgs/msg/detail/empty__type_support.c.o[0m
[3.364s] [ 55%] [32m[1mLinking CXX shared library libbt_msgs__rosidl_typesupport_cpp.so[0m
[3.371s] [ 57%] [32mBuilding C object CMakeFiles/bt_msgs__rosidl_typesupport_introspection_c.dir/rosidl_typesupport_introspection_c/bt_msgs/srv/detail/empty__type_support.c.o[0m
[3.415s] [ 59%] [32mBuilding C object CMakeFiles/bt_msgs__rosidl_typesupport_introspection_c.dir/rosidl_typesupport_introspection_c/bt_msgs/action/detail/empty__type_support.c.o[0m
[3.446s] [ 59%] Built target bt_msgs__rosidl_typesupport_cpp
[3.489s] [ 61%] [32m[1mLinking C shared library libbt_msgs__rosidl_typesupport_introspection_c.so[0m
[3.531s] [ 61%] Built target bt_msgs__rosidl_typesupport_introspection_c
[3.716s] [ 63%] [32m[1mLinking CXX shared library libbt_msgs__rosidl_typesupport_introspection_cpp.so[0m
[3.809s] [ 63%] Built target bt_msgs__rosidl_typesupport_introspection_cpp
[4.041s] [ 65%] [32m[1mLinking CXX shared library libbt_msgs__rosidl_typesupport_fastrtps_cpp.so[0m
[4.124s] [ 65%] Built target bt_msgs__rosidl_typesupport_fastrtps_cpp
[4.134s] [ 68%] [34m[1mGenerating C type support for eProsima Fast-RTPS[0m
[4.541s] [35m[1mScanning dependencies of target bt_msgs__rosidl_typesupport_fastrtps_c[0m
[4.563s] [ 70%] [32mBuilding CXX object CMakeFiles/bt_msgs__rosidl_typesupport_fastrtps_c.dir/rosidl_typesupport_fastrtps_c/bt_msgs/srv/detail/empty__type_support_c.cpp.o[0m
[4.565s] [ 72%] [32mBuilding CXX object CMakeFiles/bt_msgs__rosidl_typesupport_fastrtps_c.dir/rosidl_typesupport_fastrtps_c/bt_msgs/msg/detail/empty__type_support_c.cpp.o[0m
[4.565s] [ 74%] [32mBuilding CXX object CMakeFiles/bt_msgs__rosidl_typesupport_fastrtps_c.dir/rosidl_typesupport_fastrtps_c/bt_msgs/action/detail/empty__type_support_c.cpp.o[0m
[4.996s] [ 76%] [32m[1mLinking CXX shared library libbt_msgs__rosidl_typesupport_fastrtps_c.so[0m
[5.080s] [ 76%] Built target bt_msgs__rosidl_typesupport_fastrtps_c
[5.090s] [35m[1mScanning dependencies of target bt_msgs[0m
[5.100s] [ 76%] Built target bt_msgs
[5.109s] [35m[1mScanning dependencies of target bt_msgs__py[0m
[5.119s] [ 78%] [34m[1mGenerating Python code for ROS interfaces[0m
[6.066s] [ 78%] Built target bt_msgs__py
[6.076s] [35m[1mScanning dependencies of target bt_msgs__python[0m
[6.098s] [ 82%] [32mBuilding C object CMakeFiles/bt_msgs__python.dir/rosidl_generator_py/bt_msgs/action/_empty_s.c.o[0m
[6.098s] [ 82%] [32mBuilding C object CMakeFiles/bt_msgs__python.dir/rosidl_generator_py/bt_msgs/srv/_empty_s.c.o[0m
[6.100s] [ 85%] [32mBuilding C object CMakeFiles/bt_msgs__python.dir/rosidl_generator_py/bt_msgs/msg/_empty_s.c.o[0m
[6.230s] [ 87%] [32m[1mLinking C shared library rosidl_generator_py/bt_msgs/libbt_msgs__python.so[0m
[6.273s] [ 87%] Built target bt_msgs__python
[6.285s] [35m[1mScanning dependencies of target bt_msgs__rosidl_typesupport_c__pyext[0m
[6.285s] [35m[1mScanning dependencies of target bt_msgs__rosidl_typesupport_fastrtps_c__pyext[0m
[6.285s] [35m[1mScanning dependencies of target bt_msgs__rosidl_typesupport_introspection_c__pyext[0m
[6.307s] [ 89%] [32mBuilding C object CMakeFiles/bt_msgs__rosidl_typesupport_fastrtps_c__pyext.dir/rosidl_generator_py/bt_msgs/_bt_msgs_s.ep.rosidl_typesupport_fastrtps_c.c.o[0m
[6.308s] [ 91%] [32mBuilding C object CMakeFiles/bt_msgs__rosidl_typesupport_introspection_c__pyext.dir/rosidl_generator_py/bt_msgs/_bt_msgs_s.ep.rosidl_typesupport_introspection_c.c.o[0m
[6.308s] [ 93%] [32mBuilding C object CMakeFiles/bt_msgs__rosidl_typesupport_c__pyext.dir/rosidl_generator_py/bt_msgs/_bt_msgs_s.ep.rosidl_typesupport_c.c.o[0m
[6.427s] [ 95%] [32m[1mLinking C shared library rosidl_generator_py/bt_msgs/bt_msgs_s__rosidl_typesupport_c.cpython-38-x86_64-linux-gnu.so[0m
[6.427s] [ 97%] [32m[1mLinking CXX shared library rosidl_generator_py/bt_msgs/bt_msgs_s__rosidl_typesupport_fastrtps_c.cpython-38-x86_64-linux-gnu.so[0m
[6.428s] [100%] [32m[1mLinking C shared library rosidl_generator_py/bt_msgs/bt_msgs_s__rosidl_typesupport_introspection_c.cpython-38-x86_64-linux-gnu.so[0m
[6.471s] [100%] Built target bt_msgs__rosidl_typesupport_introspection_c__pyext
[6.471s] [100%] Built target bt_msgs__rosidl_typesupport_c__pyext
[6.498s] [100%] Built target bt_msgs__rosidl_typesupport_fastrtps_c__pyext
[6.508s] Invoked command in '/home/ros2/ros2_ws/src/ros2-behavior-trees/bt_msgs/build/bt_msgs' returned '0': CMAKE_PREFIX_PATH=${CMAKE_PREFIX_PATH}:/opt/ros/foxy /usr/bin/cmake --build /home/ros2/ros2_ws/src/ros2-behavior-trees/bt_msgs/build/bt_msgs -- -j8 -l8
[6.596s] Invoking command in '/home/ros2/ros2_ws/src/ros2-behavior-trees/bt_msgs/build/bt_msgs': CMAKE_PREFIX_PATH=${CMAKE_PREFIX_PATH}:/opt/ros/foxy /usr/bin/cmake --install /home/ros2/ros2_ws/src/ros2-behavior-trees/bt_msgs/build/bt_msgs
[6.605s] -- Install configuration: ""
[6.605s] -- Installing: /home/ros2/ros2_ws/src/ros2-behavior-trees/bt_msgs/install/bt_msgs/share/ament_index/resource_index/rosidl_interfaces/bt_msgs
[6.606s] -- Installing: /home/ros2/ros2_ws/src/ros2-behavior-trees/bt_msgs/install/bt_msgs/include/bt_msgs
[6.606s] -- Installing: /home/ros2/ros2_ws/src/ros2-behavior-trees/bt_msgs/install/bt_msgs/include/bt_msgs/action
[6.606s] -- Installing: /home/ros2/ros2_ws/src/ros2-behavior-trees/bt_msgs/install/bt_msgs/include/bt_msgs/action/detail
[6.606s] -- Installing: /home/ros2/ros2_ws/src/ros2-behavior-trees/bt_msgs/install/bt_msgs/include/bt_msgs/action/detail/empty__struct.h
[6.606s] -- Installing: /home/ros2/ros2_ws/src/ros2-behavior-trees/bt_msgs/install/bt_msgs/include/bt_msgs/action/detail/empty__type_support.h
[6.606s] -- Installing: /home/ros2/ros2_ws/src/ros2-behavior-trees/bt_msgs/install/bt_msgs/include/bt_msgs/action/detail/empty__functions.c
[6.606s] -- Installing: /home/ros2/ros2_ws/src/ros2-behavior-trees/bt_msgs/install/bt_msgs/include/bt_msgs/action/detail/empty__functions.h
[6.606s] -- Installing: /home/ros2/ros2_ws/src/ros2-behavior-trees/bt_msgs/install/bt_msgs/include/bt_msgs/action/empty.h
[6.606s] -- Installing: /home/ros2/ros2_ws/src/ros2-behavior-trees/bt_msgs/install/bt_msgs/include/bt_msgs/msg
[6.606s] -- Installing: /home/ros2/ros2_ws/src/ros2-behavior-trees/bt_msgs/install/bt_msgs/include/bt_msgs/msg/rosidl_generator_c__visibility_control.h
[6.606s] -- Installing: /home/ros2/ros2_ws/src/ros2-behavior-trees/bt_msgs/install/bt_msgs/include/bt_msgs/msg/detail
[6.606s] -- Installing: /home/ros2/ros2_ws/src/ros2-behavior-trees/bt_msgs/install/bt_msgs/include/bt_msgs/msg/detail/empty__struct.h
[6.607s] -- Installing: /home/ros2/ros2_ws/src/ros2-behavior-trees/bt_msgs/install/bt_msgs/include/bt_msgs/msg/detail/empty__type_support.h
[6.607s] -- Installing: /home/ros2/ros2_ws/src/ros2-behavior-trees/bt_msgs/install/bt_msgs/include/bt_msgs/msg/detail/empty__functions.c
[6.607s] -- Installing: /home/ros2/ros2_ws/src/ros2-behavior-trees/bt_msgs/install/bt_msgs/include/bt_msgs/msg/detail/empty__functions.h
[6.607s] -- Installing: /home/ros2/ros2_ws/src/ros2-behavior-trees/bt_msgs/install/bt_msgs/include/bt_msgs/msg/empty.h
[6.607s] -- Installing: /home/ros2/ros2_ws/src/ros2-behavior-trees/bt_msgs/install/bt_msgs/include/bt_msgs/srv
[6.607s] -- Installing: /home/ros2/ros2_ws/src/ros2-behavior-trees/bt_msgs/install/bt_msgs/include/bt_msgs/srv/detail
[6.607s] -- Installing: /home/ros2/ros2_ws/src/ros2-behavior-trees/bt_msgs/install/bt_msgs/include/bt_msgs/srv/detail/empty__struct.h
[6.607s] -- Installing: /home/ros2/ros2_ws/src/ros2-behavior-trees/bt_msgs/install/bt_msgs/include/bt_msgs/srv/detail/empty__type_support.h
[6.607s] -- Installing: /home/ros2/ros2_ws/src/ros2-behavior-trees/bt_msgs/install/bt_msgs/include/bt_msgs/srv/detail/empty__functions.c
[6.607s] -- Installing: /home/ros2/ros2_ws/src/ros2-behavior-trees/bt_msgs/install/bt_msgs/include/bt_msgs/srv/detail/empty__functions.h
[6.607s] -- Installing: /home/ros2/ros2_ws/src/ros2-behavior-trees/bt_msgs/install/bt_msgs/include/bt_msgs/srv/empty.h
[6.607s] -- Installing: /home/ros2/ros2_ws/src/ros2-behavior-trees/bt_msgs/install/bt_msgs/share/bt_msgs/environment/library_path.sh
[6.608s] -- Installing: /home/ros2/ros2_ws/src/ros2-behavior-trees/bt_msgs/install/bt_msgs/share/bt_msgs/environment/library_path.dsv
[6.608s] -- Installing: /home/ros2/ros2_ws/src/ros2-behavior-trees/bt_msgs/install/bt_msgs/lib/libbt_msgs__rosidl_generator_c.so
[6.608s] -- Set runtime path of "/home/ros2/ros2_ws/src/ros2-behavior-trees/bt_msgs/install/bt_msgs/lib/libbt_msgs__rosidl_generator_c.so" to ""
[6.608s] -- Up-to-date: /home/ros2/ros2_ws/src/ros2-behavior-trees/bt_msgs/install/bt_msgs/include/bt_msgs
[6.609s] -- Up-to-date: /home/ros2/ros2_ws/src/ros2-behavior-trees/bt_msgs/install/bt_msgs/include/bt_msgs/action
[6.609s] -- Up-to-date: /home/ros2/ros2_ws/src/ros2-behavior-trees/bt_msgs/install/bt_msgs/include/bt_msgs/action/detail
[6.609s] -- Installing: /home/ros2/ros2_ws/src/ros2-behavior-trees/bt_msgs/install/bt_msgs/include/bt_msgs/action/detail/empty__rosidl_typesupport_fastrtps_c.h
[6.609s] -- Up-to-date: /home/ros2/ros2_ws/src/ros2-behavior-trees/bt_msgs/install/bt_msgs/include/bt_msgs/msg
[6.609s] -- Installing: /home/ros2/ros2_ws/src/ros2-behavior-trees/bt_msgs/install/bt_msgs/include/bt_msgs/msg/rosidl_typesupport_fastrtps_c__visibility_control.h
[6.609s] -- Up-to-date: /home/ros2/ros2_ws/src/ros2-behavior-trees/bt_msgs/install/bt_msgs/include/bt_msgs/msg/detail
[6.609s] -- Installing: /home/ros2/ros2_ws/src/ros2-behavior-trees/bt_msgs/install/bt_msgs/include/bt_msgs/msg/detail/empty__rosidl_typesupport_fastrtps_c.h
[6.609s] -- Up-to-date: /home/ros2/ros2_ws/src/ros2-behavior-trees/bt_msgs/install/bt_msgs/include/bt_msgs/srv
[6.609s] -- Up-to-date: /home/ros2/ros2_ws/src/ros2-behavior-trees/bt_msgs/install/bt_msgs/include/bt_msgs/srv/detail
[6.609s] -- Installing: /home/ros2/ros2_ws/src/ros2-behavior-trees/bt_msgs/install/bt_msgs/include/bt_msgs/srv/detail/empty__rosidl_typesupport_fastrtps_c.h
[6.609s] -- Installing: /home/ros2/ros2_ws/src/ros2-behavior-trees/bt_msgs/install/bt_msgs/lib/libbt_msgs__rosidl_typesupport_fastrtps_c.so
[6.609s] -- Set runtime path of "/home/ros2/ros2_ws/src/ros2-behavior-trees/bt_msgs/install/bt_msgs/lib/libbt_msgs__rosidl_typesupport_fastrtps_c.so" to ""
[6.609s] -- Up-to-date: /home/ros2/ros2_ws/src/ros2-behavior-trees/bt_msgs/install/bt_msgs/include/bt_msgs
[6.610s] -- Up-to-date: /home/ros2/ros2_ws/src/ros2-behavior-trees/bt_msgs/install/bt_msgs/include/bt_msgs/action
[6.610s] -- Up-to-date: /home/ros2/ros2_ws/src/ros2-behavior-trees/bt_msgs/install/bt_msgs/include/bt_msgs/action/detail
[6.610s] -- Installing: /home/ros2/ros2_ws/src/ros2-behavior-trees/bt_msgs/install/bt_msgs/include/bt_msgs/action/detail/empty__rosidl_typesupport_fastrtps_cpp.hpp
[6.610s] -- Installing: /home/ros2/ros2_ws/src/ros2-behavior-trees/bt_msgs/install/bt_msgs/include/bt_msgs/action/detail/dds_fastrtps
[6.610s] -- Up-to-date: /home/ros2/ros2_ws/src/ros2-behavior-trees/bt_msgs/install/bt_msgs/include/bt_msgs/msg
[6.610s] -- Up-to-date: /home/ros2/ros2_ws/src/ros2-behavior-trees/bt_msgs/install/bt_msgs/include/bt_msgs/msg/detail
[6.610s] -- Installing: /home/ros2/ros2_ws/src/ros2-behavior-trees/bt_msgs/install/bt_msgs/include/bt_msgs/msg/detail/empty__rosidl_typesupport_fastrtps_cpp.hpp
[6.610s] -- Installing: /home/ros2/ros2_ws/src/ros2-behavior-trees/bt_msgs/install/bt_msgs/include/bt_msgs/msg/detail/dds_fastrtps
[6.610s] -- Installing: /home/ros2/ros2_ws/src/ros2-behavior-trees/bt_msgs/install/bt_msgs/include/bt_msgs/msg/rosidl_typesupport_fastrtps_cpp__visibility_control.h
[6.610s] -- Up-to-date: /home/ros2/ros2_ws/src/ros2-behavior-trees/bt_msgs/install/bt_msgs/include/bt_msgs/srv
[6.610s] -- Up-to-date: /home/ros2/ros2_ws/src/ros2-behavior-trees/bt_msgs/install/bt_msgs/include/bt_msgs/srv/detail
[6.611s] -- Installing: /home/ros2/ros2_ws/src/ros2-behavior-trees/bt_msgs/install/bt_msgs/include/bt_msgs/srv/detail/empty__rosidl_typesupport_fastrtps_cpp.hpp
[6.611s] -- Installing: /home/ros2/ros2_ws/src/ros2-behavior-trees/bt_msgs/install/bt_msgs/include/bt_msgs/srv/detail/dds_fastrtps
[6.611s] -- Installing: /home/ros2/ros2_ws/src/ros2-behavior-trees/bt_msgs/install/bt_msgs/lib/libbt_msgs__rosidl_typesupport_fastrtps_cpp.so
[6.611s] -- Set runtime path of "/home/ros2/ros2_ws/src/ros2-behavior-trees/bt_msgs/install/bt_msgs/lib/libbt_msgs__rosidl_typesupport_fastrtps_cpp.so" to ""
[6.611s] -- Up-to-date: /home/ros2/ros2_ws/src/ros2-behavior-trees/bt_msgs/install/bt_msgs/include/bt_msgs
[6.611s] -- Up-to-date: /home/ros2/ros2_ws/src/ros2-behavior-trees/bt_msgs/install/bt_msgs/include/bt_msgs/action
[6.611s] -- Up-to-date: /home/ros2/ros2_ws/src/ros2-behavior-trees/bt_msgs/install/bt_msgs/include/bt_msgs/action/detail
[6.611s] -- Installing: /home/ros2/ros2_ws/src/ros2-behavior-trees/bt_msgs/install/bt_msgs/include/bt_msgs/action/detail/empty__rosidl_typesupport_introspection_c.h
[6.611s] -- Installing: /home/ros2/ros2_ws/src/ros2-behavior-trees/bt_msgs/install/bt_msgs/include/bt_msgs/action/detail/empty__type_support.c
[6.611s] -- Up-to-date: /home/ros2/ros2_ws/src/ros2-behavior-trees/bt_msgs/install/bt_msgs/include/bt_msgs/msg
[6.611s] -- Installing: /home/ros2/ros2_ws/src/ros2-behavior-trees/bt_msgs/install/bt_msgs/include/bt_msgs/msg/rosidl_typesupport_introspection_c__visibility_control.h
[6.612s] -- Up-to-date: /home/ros2/ros2_ws/src/ros2-behavior-trees/bt_msgs/install/bt_msgs/include/bt_msgs/msg/detail
[6.612s] -- Installing: /home/ros2/ros2_ws/src/ros2-behavior-trees/bt_msgs/install/bt_msgs/include/bt_msgs/msg/detail/empty__rosidl_typesupport_introspection_c.h
[6.612s] -- Installing: /home/ros2/ros2_ws/src/ros2-behavior-trees/bt_msgs/install/bt_msgs/include/bt_msgs/msg/detail/empty__type_support.c
[6.612s] -- Up-to-date: /home/ros2/ros2_ws/src/ros2-behavior-trees/bt_msgs/install/bt_msgs/include/bt_msgs/srv
[6.612s] -- Up-to-date: /home/ros2/ros2_ws/src/ros2-behavior-trees/bt_msgs/install/bt_msgs/include/bt_msgs/srv/detail
[6.612s] -- Installing: /home/ros2/ros2_ws/src/ros2-behavior-trees/bt_msgs/install/bt_msgs/include/bt_msgs/srv/detail/empty__rosidl_typesupport_introspection_c.h
[6.612s] -- Installing: /home/ros2/ros2_ws/src/ros2-behavior-trees/bt_msgs/install/bt_msgs/include/bt_msgs/srv/detail/empty__type_support.c
[6.612s] -- Installing: /home/ros2/ros2_ws/src/ros2-behavior-trees/bt_msgs/install/bt_msgs/lib/libbt_msgs__rosidl_typesupport_introspection_c.so
[6.612s] -- Set runtime path of "/home/ros2/ros2_ws/src/ros2-behavior-trees/bt_msgs/install/bt_msgs/lib/libbt_msgs__rosidl_typesupport_introspection_c.so" to ""
[6.612s] -- Installing: /home/ros2/ros2_ws/src/ros2-behavior-trees/bt_msgs/install/bt_msgs/lib/libbt_msgs__rosidl_typesupport_c.so
[6.613s] -- Set runtime path of "/home/ros2/ros2_ws/src/ros2-behavior-trees/bt_msgs/install/bt_msgs/lib/libbt_msgs__rosidl_typesupport_c.so" to ""
[6.613s] -- Up-to-date: /home/ros2/ros2_ws/src/ros2-behavior-trees/bt_msgs/install/bt_msgs/include/bt_msgs
[6.613s] -- Up-to-date: /home/ros2/ros2_ws/src/ros2-behavior-trees/bt_msgs/install/bt_msgs/include/bt_msgs/action
[6.613s] -- Installing: /home/ros2/ros2_ws/src/ros2-behavior-trees/bt_msgs/install/bt_msgs/include/bt_msgs/action/empty.hpp
[6.613s] -- Up-to-date: /home/ros2/ros2_ws/src/ros2-behavior-trees/bt_msgs/install/bt_msgs/include/bt_msgs/action/detail
[6.613s] -- Installing: /home/ros2/ros2_ws/src/ros2-behavior-trees/bt_msgs/install/bt_msgs/include/bt_msgs/action/detail/empty__builder.hpp
[6.613s] -- Installing: /home/ros2/ros2_ws/src/ros2-behavior-trees/bt_msgs/install/bt_msgs/include/bt_msgs/action/detail/empty__traits.hpp
[6.613s] -- Installing: /home/ros2/ros2_ws/src/ros2-behavior-trees/bt_msgs/install/bt_msgs/include/bt_msgs/action/detail/empty__struct.hpp
[6.613s] -- Up-to-date: /home/ros2/ros2_ws/src/ros2-behavior-trees/bt_msgs/install/bt_msgs/include/bt_msgs/msg
[6.613s] -- Installing: /home/ros2/ros2_ws/src/ros2-behavior-trees/bt_msgs/install/bt_msgs/include/bt_msgs/msg/empty.hpp
[6.614s] -- Up-to-date: /home/ros2/ros2_ws/src/ros2-behavior-trees/bt_msgs/install/bt_msgs/include/bt_msgs/msg/detail
[6.614s] -- Installing: /home/ros2/ros2_ws/src/ros2-behavior-trees/bt_msgs/install/bt_msgs/include/bt_msgs/msg/detail/empty__builder.hpp
[6.614s] -- Installing: /home/ros2/ros2_ws/src/ros2-behavior-trees/bt_msgs/install/bt_msgs/include/bt_msgs/msg/detail/empty__traits.hpp
[6.614s] -- Installing: /home/ros2/ros2_ws/src/ros2-behavior-trees/bt_msgs/install/bt_msgs/include/bt_msgs/msg/detail/empty__struct.hpp
[6.614s] -- Up-to-date: /home/ros2/ros2_ws/src/ros2-behavior-trees/bt_msgs/install/bt_msgs/include/bt_msgs/srv
[6.614s] -- Installing: /home/ros2/ros2_ws/src/ros2-behavior-trees/bt_msgs/install/bt_msgs/include/bt_msgs/srv/empty.hpp
[6.614s] -- Up-to-date: /home/ros2/ros2_ws/src/ros2-behavior-trees/bt_msgs/install/bt_msgs/include/bt_msgs/srv/detail
[6.614s] -- Installing: /home/ros2/ros2_ws/src/ros2-behavior-trees/bt_msgs/install/bt_msgs/include/bt_msgs/srv/detail/empty__builder.hpp
[6.614s] -- Installing: /home/ros2/ros2_ws/src/ros2-behavior-trees/bt_msgs/install/bt_msgs/include/bt_msgs/srv/detail/empty__traits.hpp
[6.614s] -- Installing: /home/ros2/ros2_ws/src/ros2-behavior-trees/bt_msgs/install/bt_msgs/include/bt_msgs/srv/detail/empty__struct.hpp
[6.614s] -- Up-to-date: /home/ros2/ros2_ws/src/ros2-behavior-trees/bt_msgs/install/bt_msgs/include/bt_msgs
[6.614s] -- Up-to-date: /home/ros2/ros2_ws/src/ros2-behavior-trees/bt_msgs/install/bt_msgs/include/bt_msgs/action
[6.615s] -- Up-to-date: /home/ros2/ros2_ws/src/ros2-behavior-trees/bt_msgs/install/bt_msgs/include/bt_msgs/action/detail
[6.615s] -- Installing: /home/ros2/ros2_ws/src/ros2-behavior-trees/bt_msgs/install/bt_msgs/include/bt_msgs/action/detail/empty__type_support.cpp
[6.615s] -- Installing: /home/ros2/ros2_ws/src/ros2-behavior-trees/bt_msgs/install/bt_msgs/include/bt_msgs/action/detail/empty__rosidl_typesupport_introspection_cpp.hpp
[6.615s] -- Up-to-date: /home/ros2/ros2_ws/src/ros2-behavior-trees/bt_msgs/install/bt_msgs/include/bt_msgs/msg
[6.615s] -- Up-to-date: /home/ros2/ros2_ws/src/ros2-behavior-trees/bt_msgs/install/bt_msgs/include/bt_msgs/msg/detail
[6.615s] -- Installing: /home/ros2/ros2_ws/src/ros2-behavior-trees/bt_msgs/install/bt_msgs/include/bt_msgs/msg/detail/empty__type_support.cpp
[6.615s] -- Installing: /home/ros2/ros2_ws/src/ros2-behavior-trees/bt_msgs/install/bt_msgs/include/bt_msgs/msg/detail/empty__rosidl_typesupport_introspection_cpp.hpp
[6.615s] -- Up-to-date: /home/ros2/ros2_ws/src/ros2-behavior-trees/bt_msgs/install/bt_msgs/include/bt_msgs/srv
[6.615s] -- Up-to-date: /home/ros2/ros2_ws/src/ros2-behavior-trees/bt_msgs/install/bt_msgs/include/bt_msgs/srv/detail
[6.615s] -- Installing: /home/ros2/ros2_ws/src/ros2-behavior-trees/bt_msgs/install/bt_msgs/include/bt_msgs/srv/detail/empty__type_support.cpp
[6.615s] -- Installing: /home/ros2/ros2_ws/src/ros2-behavior-trees/bt_msgs/install/bt_msgs/include/bt_msgs/srv/detail/empty__rosidl_typesupport_introspection_cpp.hpp
[6.615s] -- Installing: /home/ros2/ros2_ws/src/ros2-behavior-trees/bt_msgs/install/bt_msgs/lib/libbt_msgs__rosidl_typesupport_introspection_cpp.so
[6.615s] -- Set runtime path of "/home/ros2/ros2_ws/src/ros2-behavior-trees/bt_msgs/install/bt_msgs/lib/libbt_msgs__rosidl_typesupport_introspection_cpp.so" to ""
[6.615s] -- Installing: /home/ros2/ros2_ws/src/ros2-behavior-trees/bt_msgs/install/bt_msgs/lib/libbt_msgs__rosidl_typesupport_cpp.so
[6.616s] -- Set runtime path of "/home/ros2/ros2_ws/src/ros2-behavior-trees/bt_msgs/install/bt_msgs/lib/libbt_msgs__rosidl_typesupport_cpp.so" to ""
[6.616s] -- Installing: /home/ros2/ros2_ws/src/ros2-behavior-trees/bt_msgs/install/bt_msgs/share/bt_msgs/environment/pythonpath.sh
[6.616s] -- Installing: /home/ros2/ros2_ws/src/ros2-behavior-trees/bt_msgs/install/bt_msgs/share/bt_msgs/environment/pythonpath.dsv
[6.616s] -- Installing: /home/ros2/ros2_ws/src/ros2-behavior-trees/bt_msgs/install/bt_msgs/lib/python3.8/site-packages/bt_msgs/__init__.py
[6.645s] Compiling '/home/ros2/ros2_ws/src/ros2-behavior-trees/bt_msgs/install/bt_msgs/lib/python3.8/site-packages/bt_msgs/__init__.py'...
[6.648s] -- Installing: /home/ros2/ros2_ws/src/ros2-behavior-trees/bt_msgs/install/bt_msgs/lib/python3.8/site-packages/bt_msgs/msg
[6.648s] -- Installing: /home/ros2/ros2_ws/src/ros2-behavior-trees/bt_msgs/install/bt_msgs/lib/python3.8/site-packages/bt_msgs/msg/_empty.py
[6.648s] -- Installing: /home/ros2/ros2_ws/src/ros2-behavior-trees/bt_msgs/install/bt_msgs/lib/python3.8/site-packages/bt_msgs/msg/__init__.py
[6.648s] -- Installing: /home/ros2/ros2_ws/src/ros2-behavior-trees/bt_msgs/install/bt_msgs/lib/python3.8/site-packages/bt_msgs/msg/_empty_s.c
[6.649s] -- Installing: /home/ros2/ros2_ws/src/ros2-behavior-trees/bt_msgs/install/bt_msgs/lib/python3.8/site-packages/bt_msgs/srv
[6.649s] -- Installing: /home/ros2/ros2_ws/src/ros2-behavior-trees/bt_msgs/install/bt_msgs/lib/python3.8/site-packages/bt_msgs/srv/_empty.py
[6.649s] -- Installing: /home/ros2/ros2_ws/src/ros2-behavior-trees/bt_msgs/install/bt_msgs/lib/python3.8/site-packages/bt_msgs/srv/__init__.py
[6.649s] -- Installing: /home/ros2/ros2_ws/src/ros2-behavior-trees/bt_msgs/install/bt_msgs/lib/python3.8/site-packages/bt_msgs/srv/_empty_s.c
[6.649s] -- Installing: /home/ros2/ros2_ws/src/ros2-behavior-trees/bt_msgs/install/bt_msgs/lib/python3.8/site-packages/bt_msgs/action
[6.649s] -- Installing: /home/ros2/ros2_ws/src/ros2-behavior-trees/bt_msgs/install/bt_msgs/lib/python3.8/site-packages/bt_msgs/action/_empty.py
[6.649s] -- Installing: /home/ros2/ros2_ws/src/ros2-behavior-trees/bt_msgs/install/bt_msgs/lib/python3.8/site-packages/bt_msgs/action/__init__.py
[6.649s] -- Installing: /home/ros2/ros2_ws/src/ros2-behavior-trees/bt_msgs/install/bt_msgs/lib/python3.8/site-packages/bt_msgs/action/_empty_s.c
[6.649s] -- Installing: /home/ros2/ros2_ws/src/ros2-behavior-trees/bt_msgs/install/bt_msgs/lib/python3.8/site-packages/bt_msgs/bt_msgs_s__rosidl_typesupport_fastrtps_c.cpython-38-x86_64-linux-gnu.so
[6.650s] -- Set runtime path of "/home/ros2/ros2_ws/src/ros2-behavior-trees/bt_msgs/install/bt_msgs/lib/python3.8/site-packages/bt_msgs/bt_msgs_s__rosidl_typesupport_fastrtps_c.cpython-38-x86_64-linux-gnu.so" to ""
[6.650s] -- Installing: /home/ros2/ros2_ws/src/ros2-behavior-trees/bt_msgs/install/bt_msgs/lib/python3.8/site-packages/bt_msgs/bt_msgs_s__rosidl_typesupport_introspection_c.cpython-38-x86_64-linux-gnu.so
[6.651s] -- Set runtime path of "/home/ros2/ros2_ws/src/ros2-behavior-trees/bt_msgs/install/bt_msgs/lib/python3.8/site-packages/bt_msgs/bt_msgs_s__rosidl_typesupport_introspection_c.cpython-38-x86_64-linux-gnu.so" to ""
[6.651s] -- Installing: /home/ros2/ros2_ws/src/ros2-behavior-trees/bt_msgs/install/bt_msgs/lib/python3.8/site-packages/bt_msgs/bt_msgs_s__rosidl_typesupport_c.cpython-38-x86_64-linux-gnu.so
[6.652s] -- Set runtime path of "/home/ros2/ros2_ws/src/ros2-behavior-trees/bt_msgs/install/bt_msgs/lib/python3.8/site-packages/bt_msgs/bt_msgs_s__rosidl_typesupport_c.cpython-38-x86_64-linux-gnu.so" to ""
[6.652s] -- Installing: /home/ros2/ros2_ws/src/ros2-behavior-trees/bt_msgs/install/bt_msgs/lib/libbt_msgs__python.so
[6.652s] -- Set runtime path of "/home/ros2/ros2_ws/src/ros2-behavior-trees/bt_msgs/install/bt_msgs/lib/libbt_msgs__python.so" to ""
[6.652s] -- Installing: /home/ros2/ros2_ws/src/ros2-behavior-trees/bt_msgs/install/bt_msgs/share/bt_msgs/msg/Empty.idl
[6.652s] -- Installing: /home/ros2/ros2_ws/src/ros2-behavior-trees/bt_msgs/install/bt_msgs/share/bt_msgs/srv/Empty.idl
[6.653s] -- Installing: /home/ros2/ros2_ws/src/ros2-behavior-trees/bt_msgs/install/bt_msgs/share/bt_msgs/action/Empty.idl
[6.653s] -- Installing: /home/ros2/ros2_ws/src/ros2-behavior-trees/bt_msgs/install/bt_msgs/share/bt_msgs/msg/Empty.msg
[6.653s] -- Installing: /home/ros2/ros2_ws/src/ros2-behavior-trees/bt_msgs/install/bt_msgs/share/bt_msgs/srv/Empty.srv
[6.653s] -- Installing: /home/ros2/ros2_ws/src/ros2-behavior-trees/bt_msgs/install/bt_msgs/share/bt_msgs/srv/Empty_Request.msg
[6.653s] -- Installing: /home/ros2/ros2_ws/src/ros2-behavior-trees/bt_msgs/install/bt_msgs/share/bt_msgs/srv/Empty_Response.msg
[6.653s] -- Installing: /home/ros2/ros2_ws/src/ros2-behavior-trees/bt_msgs/install/bt_msgs/share/bt_msgs/action/Empty.action
[6.653s] -- Installing: /home/ros2/ros2_ws/src/ros2-behavior-trees/bt_msgs/install/bt_msgs/share/ament_index/resource_index/package_run_dependencies/bt_msgs
[6.654s] -- Installing: /home/ros2/ros2_ws/src/ros2-behavior-trees/bt_msgs/install/bt_msgs/share/ament_index/resource_index/parent_prefix_path/bt_msgs
[6.654s] -- Installing: /home/ros2/ros2_ws/src/ros2-behavior-trees/bt_msgs/install/bt_msgs/share/bt_msgs/environment/ament_prefix_path.sh
[6.654s] -- Installing: /home/ros2/ros2_ws/src/ros2-behavior-trees/bt_msgs/install/bt_msgs/share/bt_msgs/environment/ament_prefix_path.dsv
[6.654s] -- Installing: /home/ros2/ros2_ws/src/ros2-behavior-trees/bt_msgs/install/bt_msgs/share/bt_msgs/environment/path.sh
[6.654s] -- Installing: /home/ros2/ros2_ws/src/ros2-behavior-trees/bt_msgs/install/bt_msgs/share/bt_msgs/environment/path.dsv
[6.654s] -- Installing: /home/ros2/ros2_ws/src/ros2-behavior-trees/bt_msgs/install/bt_msgs/share/bt_msgs/local_setup.bash
[6.655s] -- Installing: /home/ros2/ros2_ws/src/ros2-behavior-trees/bt_msgs/install/bt_msgs/share/bt_msgs/local_setup.sh
[6.655s] -- Installing: /home/ros2/ros2_ws/src/ros2-behavior-trees/bt_msgs/install/bt_msgs/share/bt_msgs/local_setup.zsh
[6.655s] -- Installing: /home/ros2/ros2_ws/src/ros2-behavior-trees/bt_msgs/install/bt_msgs/share/bt_msgs/local_setup.dsv
[6.655s] -- Installing: /home/ros2/ros2_ws/src/ros2-behavior-trees/bt_msgs/install/bt_msgs/share/bt_msgs/package.dsv
[6.655s] -- Installing: /home/ros2/ros2_ws/src/ros2-behavior-trees/bt_msgs/install/bt_msgs/share/ament_index/resource_index/packages/bt_msgs
[6.655s] -- Installing: /home/ros2/ros2_ws/src/ros2-behavior-trees/bt_msgs/install/bt_msgs/share/bt_msgs/cmake/bt_msgs__rosidl_generator_cExport.cmake
[6.656s] -- Installing: /home/ros2/ros2_ws/src/ros2-behavior-trees/bt_msgs/install/bt_msgs/share/bt_msgs/cmake/bt_msgs__rosidl_generator_cExport-noconfig.cmake
[6.656s] -- Installing: /home/ros2/ros2_ws/src/ros2-behavior-trees/bt_msgs/install/bt_msgs/share/bt_msgs/cmake/bt_msgs__rosidl_typesupport_introspection_cExport.cmake
[6.656s] -- Installing: /home/ros2/ros2_ws/src/ros2-behavior-trees/bt_msgs/install/bt_msgs/share/bt_msgs/cmake/bt_msgs__rosidl_typesupport_introspection_cExport-noconfig.cmake
[6.656s] -- Installing: /home/ros2/ros2_ws/src/ros2-behavior-trees/bt_msgs/install/bt_msgs/share/bt_msgs/cmake/bt_msgs__rosidl_typesupport_cExport.cmake
[6.656s] -- Installing: /home/ros2/ros2_ws/src/ros2-behavior-trees/bt_msgs/install/bt_msgs/share/bt_msgs/cmake/bt_msgs__rosidl_typesupport_cExport-noconfig.cmake
[6.656s] -- Installing: /home/ros2/ros2_ws/src/ros2-behavior-trees/bt_msgs/install/bt_msgs/share/bt_msgs/cmake/bt_msgs__rosidl_generator_cppExport.cmake
[6.657s] -- Installing: /home/ros2/ros2_ws/src/ros2-behavior-trees/bt_msgs/install/bt_msgs/share/bt_msgs/cmake/bt_msgs__rosidl_typesupport_introspection_cppExport.cmake
[6.657s] -- Installing: /home/ros2/ros2_ws/src/ros2-behavior-trees/bt_msgs/install/bt_msgs/share/bt_msgs/cmake/bt_msgs__rosidl_typesupport_introspection_cppExport-noconfig.cmake
[6.657s] -- Installing: /home/ros2/ros2_ws/src/ros2-behavior-trees/bt_msgs/install/bt_msgs/share/bt_msgs/cmake/bt_msgs__rosidl_typesupport_cppExport.cmake
[6.657s] -- Installing: /home/ros2/ros2_ws/src/ros2-behavior-trees/bt_msgs/install/bt_msgs/share/bt_msgs/cmake/bt_msgs__rosidl_typesupport_cppExport-noconfig.cmake
[6.657s] -- Installing: /home/ros2/ros2_ws/src/ros2-behavior-trees/bt_msgs/install/bt_msgs/share/bt_msgs/cmake/rosidl_cmake-extras.cmake
[6.657s] -- Installing: /home/ros2/ros2_ws/src/ros2-behavior-trees/bt_msgs/install/bt_msgs/share/bt_msgs/cmake/ament_cmake_export_dependencies-extras.cmake
[6.658s] -- Installing: /home/ros2/ros2_ws/src/ros2-behavior-trees/bt_msgs/install/bt_msgs/share/bt_msgs/cmake/ament_cmake_export_libraries-extras.cmake
[6.658s] -- Installing: /home/ros2/ros2_ws/src/ros2-behavior-trees/bt_msgs/install/bt_msgs/share/bt_msgs/cmake/ament_cmake_export_targets-extras.cmake
[6.658s] -- Installing: /home/ros2/ros2_ws/src/ros2-behavior-trees/bt_msgs/install/bt_msgs/share/bt_msgs/cmake/ament_cmake_export_include_directories-extras.cmake
[6.658s] -- Installing: /home/ros2/ros2_ws/src/ros2-behavior-trees/bt_msgs/install/bt_msgs/share/bt_msgs/cmake/rosidl_cmake_export_typesupport_libraries-extras.cmake
[6.658s] -- Installing: /home/ros2/ros2_ws/src/ros2-behavior-trees/bt_msgs/install/bt_msgs/share/bt_msgs/cmake/rosidl_cmake_export_typesupport_targets-extras.cmake
[6.658s] -- Installing: /home/ros2/ros2_ws/src/ros2-behavior-trees/bt_msgs/install/bt_msgs/share/bt_msgs/cmake/bt_msgsConfig.cmake
[6.658s] -- Installing: /home/ros2/ros2_ws/src/ros2-behavior-trees/bt_msgs/install/bt_msgs/share/bt_msgs/cmake/bt_msgsConfig-version.cmake
[6.658s] -- Installing: /home/ros2/ros2_ws/src/ros2-behavior-trees/bt_msgs/install/bt_msgs/share/bt_msgs/package.xml
[6.661s] Invoked command in '/home/ros2/ros2_ws/src/ros2-behavior-trees/bt_msgs/build/bt_msgs' returned '0': CMAKE_PREFIX_PATH=${CMAKE_PREFIX_PATH}:/opt/ros/foxy /usr/bin/cmake --install /home/ros2/ros2_ws/src/ros2-behavior-trees/bt_msgs/build/bt_msgs
