[0.165s] DEBUG:colcon:Command line arguments: ['/usr/bin/colcon', 'build', '--packages-up-to', 'bt_msgs']
[0.165s] DEBUG:colcon:Parsed command line arguments: Namespace(ament_cmake_args=None, base_paths=['.'], build_base='build', catkin_cmake_args=None, catkin_skip_building_tests=False, cmake_args=None, cmake_clean_cache=False, cmake_clean_first=False, cmake_force_configure=False, cmake_target=None, cmake_target_skip_unavailable=False, continue_on_error=False, event_handlers=None, executor='parallel', ignore_user_meta=False, install_base='install', log_base=None, log_level=None, main=<bound method BuildVerb.main of <colcon_core.verb.build.BuildVerb object at 0x7f9f89a2c070>>, merge_install=False, metas=['./colcon.meta'], mixin=None, mixin_files=None, mixin_verb=('build',), packages_above=None, packages_above_and_dependencies=None, packages_above_depth=None, packages_end=None, packages_ignore=None, packages_ignore_regex=None, packages_select=None, packages_select_build_failed=False, packages_select_by_dep=None, packages_select_regex=None, packages_select_test_failures=False, packages_skip=None, packages_skip_build_finished=False, packages_skip_by_dep=None, packages_skip_regex=None, packages_skip_test_passed=False, packages_skip_up_to=None, packages_start=None, packages_up_to=['bt_msgs'], packages_up_to_regex=None, parallel_workers=8, paths=None, symlink_install=False, test_result_base=None, verb_extension=<colcon_core.verb.build.BuildVerb object at 0x7f9f89a2c070>, verb_name='build', verb_parser=<colcon_mixin.mixin.mixin_argument.MixinArgumentDecorator object at 0x7f9f89a2c6d0>)
[0.172s] Level 1:colcon.colcon_core.package_discovery:discover_packages(colcon_meta) check parameters
[0.172s] Level 1:colcon.colcon_core.package_discovery:discover_packages(recursive) check parameters
[0.172s] Level 1:colcon.colcon_core.package_discovery:discover_packages(ignore) check parameters
[0.172s] Level 1:colcon.colcon_core.package_discovery:discover_packages(path) check parameters
[0.172s] Level 1:colcon.colcon_core.package_discovery:discover_packages(colcon_meta) discover
[0.172s] Level 1:colcon.colcon_core.package_discovery:discover_packages(recursive) discover
[0.172s] INFO:colcon.colcon_core.package_discovery:Crawling recursively for packages in '/home/ros2/ros2_ws/src/ros2-behavior-trees/bt_msgs'
[0.172s] Level 1:colcon.colcon_core.package_identification:_identify(.) by extensions ['ignore', 'ignore_ament_install']
[0.173s] Level 1:colcon.colcon_core.package_identification:_identify(.) by extension 'ignore'
[0.173s] Level 1:colcon.colcon_core.package_identification:_identify(.) by extension 'ignore_ament_install'
[0.173s] Level 1:colcon.colcon_core.package_identification:_identify(.) by extensions ['colcon_pkg']
[0.173s] Level 1:colcon.colcon_core.package_identification:_identify(.) by extension 'colcon_pkg'
[0.173s] Level 1:colcon.colcon_core.package_identification:_identify(.) by extensions ['colcon_meta']
[0.173s] Level 1:colcon.colcon_core.package_identification:_identify(.) by extension 'colcon_meta'
[0.173s] Level 1:colcon.colcon_core.package_identification:_identify(.) by extensions ['ros']
[0.173s] Level 1:colcon.colcon_core.package_identification:_identify(.) by extension 'ros'
[0.186s] DEBUG:colcon.colcon_core.package_identification:Package '.' with type 'ros.ament_cmake' and name 'bt_msgs'
[0.186s] Level 1:colcon.colcon_core.package_discovery:discover_packages(recursive) using defaults
[0.186s] Level 1:colcon.colcon_core.package_discovery:discover_packages(ignore) discover
[0.186s] Level 1:colcon.colcon_core.package_discovery:discover_packages(ignore) using defaults
[0.186s] Level 1:colcon.colcon_core.package_discovery:discover_packages(path) discover
[0.186s] Level 1:colcon.colcon_core.package_discovery:discover_packages(path) using defaults
[0.205s] Level 5:colcon.colcon_core.verb:set package 'bt_msgs' build argument 'cmake_args' from command line to 'None'
[0.206s] Level 5:colcon.colcon_core.verb:set package 'bt_msgs' build argument 'cmake_target' from command line to 'None'
[0.206s] Level 5:colcon.colcon_core.verb:set package 'bt_msgs' build argument 'cmake_target_skip_unavailable' from command line to 'False'
[0.206s] Level 5:colcon.colcon_core.verb:set package 'bt_msgs' build argument 'cmake_clean_cache' from command line to 'False'
[0.206s] Level 5:colcon.colcon_core.verb:set package 'bt_msgs' build argument 'cmake_clean_first' from command line to 'False'
[0.206s] Level 5:colcon.colcon_core.verb:set package 'bt_msgs' build argument 'cmake_force_configure' from command line to 'False'
[0.206s] Level 5:colcon.colcon_core.verb:set package 'bt_msgs' build argument 'ament_cmake_args' from command line to 'None'
[0.206s] Level 5:colcon.colcon_core.verb:set package 'bt_msgs' build argument 'catkin_cmake_args' from command line to 'None'
[0.206s] Level 5:colcon.colcon_core.verb:set package 'bt_msgs' build argument 'catkin_skip_building_tests' from command line to 'False'
[0.206s] DEBUG:colcon.colcon_core.verb:Building package 'bt_msgs' with the following arguments: {'ament_cmake_args': None, 'build_base': '/home/ros2/ros2_ws/src/ros2-behavior-trees/bt_msgs/build/bt_msgs', 'catkin_cmake_args': None, 'catkin_skip_building_tests': False, 'cmake_args': None, 'cmake_clean_cache': False, 'cmake_clean_first': False, 'cmake_force_configure': False, 'cmake_target': None, 'cmake_target_skip_unavailable': False, 'install_base': '/home/ros2/ros2_ws/src/ros2-behavior-trees/bt_msgs/install/bt_msgs', 'merge_install': False, 'path': '/home/ros2/ros2_ws/src/ros2-behavior-trees/bt_msgs', 'symlink_install': False, 'test_result_base': None}
[0.206s] INFO:colcon.colcon_core.executor:Executing jobs using 'parallel' executor
[0.208s] DEBUG:colcon.colcon_parallel_executor.executor.parallel:run_until_complete
[0.208s] INFO:colcon.colcon_ros.task.ament_cmake.build:Building ROS package in '/home/ros2/ros2_ws/src/ros2-behavior-trees/bt_msgs' with build type 'ament_cmake'
[0.208s] INFO:colcon.colcon_cmake.task.cmake.build:Building CMake package in '/home/ros2/ros2_ws/src/ros2-behavior-trees/bt_msgs'
[0.212s] INFO:colcon.colcon_core.plugin_system:Skipping extension 'colcon_core.shell.bat': Not used on non-Windows systems
[0.212s] INFO:colcon.colcon_core.shell:Skip shell extension 'powershell' for command environment: Not usable outside of PowerShell
[0.212s] DEBUG:colcon.colcon_core.shell:Skip shell extension 'dsv' for command environment
[0.215s] DEBUG:colcon.colcon_core.shell:Ignoring prefix path '/opt/ros/foxy'
[0.221s] DEBUG:colcon.colcon_core.event_handler.log_command:Invoking command in '/home/ros2/ros2_ws/src/ros2-behavior-trees/bt_msgs/build/bt_msgs': CMAKE_PREFIX_PATH=${CMAKE_PREFIX_PATH}:/opt/ros/foxy /usr/bin/cmake /home/ros2/ros2_ws/src/ros2-behavior-trees/bt_msgs -DCMAKE_INSTALL_PREFIX=/home/ros2/ros2_ws/src/ros2-behavior-trees/bt_msgs/install/bt_msgs
[1.833s] DEBUG:colcon.colcon_core.event_handler.log_command:Invoked command in '/home/ros2/ros2_ws/src/ros2-behavior-trees/bt_msgs/build/bt_msgs' returned '0': CMAKE_PREFIX_PATH=${CMAKE_PREFIX_PATH}:/opt/ros/foxy /usr/bin/cmake /home/ros2/ros2_ws/src/ros2-behavior-trees/bt_msgs -DCMAKE_INSTALL_PREFIX=/home/ros2/ros2_ws/src/ros2-behavior-trees/bt_msgs/install/bt_msgs
[1.836s] DEBUG:colcon.colcon_core.event_handler.log_command:Invoking command in '/home/ros2/ros2_ws/src/ros2-behavior-trees/bt_msgs/build/bt_msgs': CMAKE_PREFIX_PATH=${CMAKE_PREFIX_PATH}:/opt/ros/foxy /usr/bin/cmake --build /home/ros2/ros2_ws/src/ros2-behavior-trees/bt_msgs/build/bt_msgs -- -j8 -l8
[6.717s] DEBUG:colcon.colcon_core.event_handler.log_command:Invoked command in '/home/ros2/ros2_ws/src/ros2-behavior-trees/bt_msgs/build/bt_msgs' returned '0': CMAKE_PREFIX_PATH=${CMAKE_PREFIX_PATH}:/opt/ros/foxy /usr/bin/cmake --build /home/ros2/ros2_ws/src/ros2-behavior-trees/bt_msgs/build/bt_msgs -- -j8 -l8
[6.805s] DEBUG:colcon.colcon_core.event_handler.log_command:Invoking command in '/home/ros2/ros2_ws/src/ros2-behavior-trees/bt_msgs/build/bt_msgs': CMAKE_PREFIX_PATH=${CMAKE_PREFIX_PATH}:/opt/ros/foxy /usr/bin/cmake --install /home/ros2/ros2_ws/src/ros2-behavior-trees/bt_msgs/build/bt_msgs
[6.868s] Level 1:colcon.colcon_core.environment:create_environment_scripts_only(bt_msgs)
[6.869s] DEBUG:colcon.colcon_core.event_handler.log_command:Invoked command in '/home/ros2/ros2_ws/src/ros2-behavior-trees/bt_msgs/build/bt_msgs' returned '0': CMAKE_PREFIX_PATH=${CMAKE_PREFIX_PATH}:/opt/ros/foxy /usr/bin/cmake --install /home/ros2/ros2_ws/src/ros2-behavior-trees/bt_msgs/build/bt_msgs
[6.872s] Level 1:colcon.colcon_core.environment:checking '/home/ros2/ros2_ws/src/ros2-behavior-trees/bt_msgs/install/bt_msgs' for CMake module files
[6.872s] Level 1:colcon.colcon_core.environment:checking '/home/ros2/ros2_ws/src/ros2-behavior-trees/bt_msgs/install/bt_msgs' for CMake config files
[6.873s] Level 1:colcon.colcon_core.shell:create_environment_hook('bt_msgs', 'cmake_prefix_path')
[6.873s] INFO:colcon.colcon_core.shell:Creating environment hook '/home/ros2/ros2_ws/src/ros2-behavior-trees/bt_msgs/install/bt_msgs/share/bt_msgs/hook/cmake_prefix_path.ps1'
[6.874s] INFO:colcon.colcon_core.shell:Creating environment descriptor '/home/ros2/ros2_ws/src/ros2-behavior-trees/bt_msgs/install/bt_msgs/share/bt_msgs/hook/cmake_prefix_path.dsv'
[6.874s] INFO:colcon.colcon_core.shell:Creating environment hook '/home/ros2/ros2_ws/src/ros2-behavior-trees/bt_msgs/install/bt_msgs/share/bt_msgs/hook/cmake_prefix_path.sh'
[6.875s] Level 1:colcon.colcon_core.environment:checking '/home/ros2/ros2_ws/src/ros2-behavior-trees/bt_msgs/install/bt_msgs/lib'
[6.875s] Level 1:colcon.colcon_core.shell:create_environment_hook('bt_msgs', 'ld_library_path_lib')
[6.876s] INFO:colcon.colcon_core.shell:Creating environment hook '/home/ros2/ros2_ws/src/ros2-behavior-trees/bt_msgs/install/bt_msgs/share/bt_msgs/hook/ld_library_path_lib.ps1'
[6.876s] INFO:colcon.colcon_core.shell:Creating environment descriptor '/home/ros2/ros2_ws/src/ros2-behavior-trees/bt_msgs/install/bt_msgs/share/bt_msgs/hook/ld_library_path_lib.dsv'
[6.877s] INFO:colcon.colcon_core.shell:Creating environment hook '/home/ros2/ros2_ws/src/ros2-behavior-trees/bt_msgs/install/bt_msgs/share/bt_msgs/hook/ld_library_path_lib.sh'
[6.877s] Level 1:colcon.colcon_core.environment:checking '/home/ros2/ros2_ws/src/ros2-behavior-trees/bt_msgs/install/bt_msgs/bin'
[6.877s] Level 1:colcon.colcon_core.environment:checking '/home/ros2/ros2_ws/src/ros2-behavior-trees/bt_msgs/install/bt_msgs/lib/pkgconfig/bt_msgs.pc'
[6.877s] Level 1:colcon.colcon_core.environment:checking '/home/ros2/ros2_ws/src/ros2-behavior-trees/bt_msgs/install/bt_msgs/lib/python3.8/site-packages'
[6.877s] Level 1:colcon.colcon_core.shell:create_environment_hook('bt_msgs', 'pythonpath')
[6.878s] INFO:colcon.colcon_core.shell:Creating environment hook '/home/ros2/ros2_ws/src/ros2-behavior-trees/bt_msgs/install/bt_msgs/share/bt_msgs/hook/pythonpath.ps1'
[6.878s] INFO:colcon.colcon_core.shell:Creating environment descriptor '/home/ros2/ros2_ws/src/ros2-behavior-trees/bt_msgs/install/bt_msgs/share/bt_msgs/hook/pythonpath.dsv'
[6.878s] INFO:colcon.colcon_core.shell:Creating environment hook '/home/ros2/ros2_ws/src/ros2-behavior-trees/bt_msgs/install/bt_msgs/share/bt_msgs/hook/pythonpath.sh'
[6.879s] INFO:colcon.colcon_core.shell:Creating package script '/home/ros2/ros2_ws/src/ros2-behavior-trees/bt_msgs/install/bt_msgs/share/bt_msgs/package.ps1'
[6.880s] INFO:colcon.colcon_core.shell:Creating package descriptor '/home/ros2/ros2_ws/src/ros2-behavior-trees/bt_msgs/install/bt_msgs/share/bt_msgs/package.dsv'
[6.880s] INFO:colcon.colcon_core.shell:Creating package script '/home/ros2/ros2_ws/src/ros2-behavior-trees/bt_msgs/install/bt_msgs/share/bt_msgs/package.sh'
[6.881s] INFO:colcon.colcon_core.shell:Creating package script '/home/ros2/ros2_ws/src/ros2-behavior-trees/bt_msgs/install/bt_msgs/share/bt_msgs/package.bash'
[6.881s] INFO:colcon.colcon_core.shell:Creating package script '/home/ros2/ros2_ws/src/ros2-behavior-trees/bt_msgs/install/bt_msgs/share/bt_msgs/package.zsh'
[6.882s] Level 1:colcon.colcon_core.environment:create_file_with_runtime_dependencies(/home/ros2/ros2_ws/src/ros2-behavior-trees/bt_msgs/install/bt_msgs/share/colcon-core/packages/bt_msgs)
[6.956s] Level 1:colcon.colcon_core.environment:create_environment_scripts_only(bt_msgs)
[6.956s] Level 1:colcon.colcon_core.environment:checking '/home/ros2/ros2_ws/src/ros2-behavior-trees/bt_msgs/install/bt_msgs' for CMake module files
[6.957s] Level 1:colcon.colcon_core.environment:checking '/home/ros2/ros2_ws/src/ros2-behavior-trees/bt_msgs/install/bt_msgs' for CMake config files
[6.957s] Level 1:colcon.colcon_core.shell:create_environment_hook('bt_msgs', 'cmake_prefix_path')
[6.958s] INFO:colcon.colcon_core.shell:Creating environment hook '/home/ros2/ros2_ws/src/ros2-behavior-trees/bt_msgs/install/bt_msgs/share/bt_msgs/hook/cmake_prefix_path.ps1'
[6.958s] INFO:colcon.colcon_core.shell:Creating environment descriptor '/home/ros2/ros2_ws/src/ros2-behavior-trees/bt_msgs/install/bt_msgs/share/bt_msgs/hook/cmake_prefix_path.dsv'
[6.958s] INFO:colcon.colcon_core.shell:Creating environment hook '/home/ros2/ros2_ws/src/ros2-behavior-trees/bt_msgs/install/bt_msgs/share/bt_msgs/hook/cmake_prefix_path.sh'
[6.959s] Level 1:colcon.colcon_core.environment:checking '/home/ros2/ros2_ws/src/ros2-behavior-trees/bt_msgs/install/bt_msgs/lib'
[6.959s] Level 1:colcon.colcon_core.shell:create_environment_hook('bt_msgs', 'ld_library_path_lib')
[6.959s] INFO:colcon.colcon_core.shell:Creating environment hook '/home/ros2/ros2_ws/src/ros2-behavior-trees/bt_msgs/install/bt_msgs/share/bt_msgs/hook/ld_library_path_lib.ps1'
[6.960s] INFO:colcon.colcon_core.shell:Creating environment descriptor '/home/ros2/ros2_ws/src/ros2-behavior-trees/bt_msgs/install/bt_msgs/share/bt_msgs/hook/ld_library_path_lib.dsv'
[6.960s] INFO:colcon.colcon_core.shell:Creating environment hook '/home/ros2/ros2_ws/src/ros2-behavior-trees/bt_msgs/install/bt_msgs/share/bt_msgs/hook/ld_library_path_lib.sh'
[6.960s] Level 1:colcon.colcon_core.environment:checking '/home/ros2/ros2_ws/src/ros2-behavior-trees/bt_msgs/install/bt_msgs/bin'
[6.960s] Level 1:colcon.colcon_core.environment:checking '/home/ros2/ros2_ws/src/ros2-behavior-trees/bt_msgs/install/bt_msgs/lib/pkgconfig/bt_msgs.pc'
[6.960s] Level 1:colcon.colcon_core.environment:checking '/home/ros2/ros2_ws/src/ros2-behavior-trees/bt_msgs/install/bt_msgs/lib/python3.8/site-packages'
[6.960s] Level 1:colcon.colcon_core.shell:create_environment_hook('bt_msgs', 'pythonpath')
[6.961s] INFO:colcon.colcon_core.shell:Creating environment hook '/home/ros2/ros2_ws/src/ros2-behavior-trees/bt_msgs/install/bt_msgs/share/bt_msgs/hook/pythonpath.ps1'
[6.961s] INFO:colcon.colcon_core.shell:Creating environment descriptor '/home/ros2/ros2_ws/src/ros2-behavior-trees/bt_msgs/install/bt_msgs/share/bt_msgs/hook/pythonpath.dsv'
[6.961s] INFO:colcon.colcon_core.shell:Creating environment hook '/home/ros2/ros2_ws/src/ros2-behavior-trees/bt_msgs/install/bt_msgs/share/bt_msgs/hook/pythonpath.sh'
[6.962s] INFO:colcon.colcon_core.shell:Creating package script '/home/ros2/ros2_ws/src/ros2-behavior-trees/bt_msgs/install/bt_msgs/share/bt_msgs/package.ps1'
[6.963s] INFO:colcon.colcon_core.shell:Creating package descriptor '/home/ros2/ros2_ws/src/ros2-behavior-trees/bt_msgs/install/bt_msgs/share/bt_msgs/package.dsv'
[6.963s] INFO:colcon.colcon_core.shell:Creating package script '/home/ros2/ros2_ws/src/ros2-behavior-trees/bt_msgs/install/bt_msgs/share/bt_msgs/package.sh'
[6.964s] INFO:colcon.colcon_core.shell:Creating package script '/home/ros2/ros2_ws/src/ros2-behavior-trees/bt_msgs/install/bt_msgs/share/bt_msgs/package.bash'
[6.964s] INFO:colcon.colcon_core.shell:Creating package script '/home/ros2/ros2_ws/src/ros2-behavior-trees/bt_msgs/install/bt_msgs/share/bt_msgs/package.zsh'
[6.964s] Level 1:colcon.colcon_core.environment:create_file_with_runtime_dependencies(/home/ros2/ros2_ws/src/ros2-behavior-trees/bt_msgs/install/bt_msgs/share/colcon-core/packages/bt_msgs)
[6.965s] DEBUG:colcon.colcon_parallel_executor.executor.parallel:closing loop
[6.965s] DEBUG:colcon.colcon_parallel_executor.executor.parallel:loop closed
[6.965s] DEBUG:colcon.colcon_parallel_executor.executor.parallel:run_until_complete finished with '0'
[6.966s] DEBUG:colcon.colcon_core.event_reactor:joining thread
[6.972s] INFO:colcon.colcon_core.plugin_system:Skipping extension 'colcon_notification.desktop_notification.notify_send': Could not find 'notify-send'
[6.972s] INFO:colcon.colcon_core.plugin_system:Skipping extension 'colcon_notification.desktop_notification.terminal_notifier': Not used on non-Darwin systems
[6.972s] INFO:colcon.colcon_core.plugin_system:Skipping extension 'colcon_notification.desktop_notification.win32': Not used on non-Windows systems
[6.973s] INFO:colcon.colcon_notification.desktop_notification:Sending desktop notification using 'notify2'
[6.978s] DEBUG:colcon.colcon_notification.desktop_notification.notify2:Failed to initialize notify2: org.freedesktop.DBus.Error.ServiceUnknown: The name org.freedesktop.Notifications was not provided by any .service files
[6.978s] DEBUG:colcon.colcon_core.event_reactor:joined thread
[6.979s] INFO:colcon.colcon_core.shell:Creating prefix script '/home/ros2/ros2_ws/src/ros2-behavior-trees/bt_msgs/install/local_setup.ps1'
[6.980s] INFO:colcon.colcon_core.shell:Creating prefix util module '/home/ros2/ros2_ws/src/ros2-behavior-trees/bt_msgs/install/_local_setup_util_ps1.py'
[6.981s] INFO:colcon.colcon_core.shell:Creating prefix chain script '/home/ros2/ros2_ws/src/ros2-behavior-trees/bt_msgs/install/setup.ps1'
[6.983s] INFO:colcon.colcon_core.shell:Creating prefix script '/home/ros2/ros2_ws/src/ros2-behavior-trees/bt_msgs/install/local_setup.sh'
[6.984s] INFO:colcon.colcon_core.shell:Creating prefix util module '/home/ros2/ros2_ws/src/ros2-behavior-trees/bt_msgs/install/_local_setup_util_sh.py'
[6.984s] INFO:colcon.colcon_core.shell:Creating prefix chain script '/home/ros2/ros2_ws/src/ros2-behavior-trees/bt_msgs/install/setup.sh'
[6.986s] INFO:colcon.colcon_core.shell:Creating prefix script '/home/ros2/ros2_ws/src/ros2-behavior-trees/bt_msgs/install/local_setup.bash'
[6.987s] INFO:colcon.colcon_core.shell:Creating prefix chain script '/home/ros2/ros2_ws/src/ros2-behavior-trees/bt_msgs/install/setup.bash'
[6.989s] INFO:colcon.colcon_core.shell:Creating prefix script '/home/ros2/ros2_ws/src/ros2-behavior-trees/bt_msgs/install/local_setup.zsh'
[6.989s] INFO:colcon.colcon_core.shell:Creating prefix chain script '/home/ros2/ros2_ws/src/ros2-behavior-trees/bt_msgs/install/setup.zsh'
